2025-11-10 10:35:27,575 - INFO - Setting up GPU configuration...
2025-11-10 10:35:27,672 - INFO - GPU memory growth: True
2025-11-10 10:35:27,672 - INFO - Using float32
2025-11-10 10:35:27,672 - INFO - GPU configuration complete
2025-11-10 10:35:27,672 - INFO - 🚀 Initializing LSBO-guided components...
2025-11-10 10:35:27,672 - INFO - ✅ LSBO components initialized
2025-11-10 10:35:27,672 - INFO - Setting up data pipeline...
2025-11-10 10:35:27,673 - INFO - Using provided tokenizer
2025-11-10 10:35:27,673 - INFO - Using provided preprocessor
2025-11-10 10:35:27,673 - INFO - Creating training datasets...
2025-11-10 10:35:27,673 - INFO - Training data: /workspace/TWAE_AMP_Generation/data/raw/final_3_36_train.csv
2025-11-10 10:35:27,673 - INFO - Validation data: /workspace/TWAE_AMP_Generation/data/raw/final_3_36_validation.csv
2025-11-10 10:35:27,673 - INFO - Loading dataset from: /workspace/TWAE_AMP_Generation/data/raw/final_3_36_train.csv
2025-11-10 10:35:27,675 - INFO - CSV format validation passed for /workspace/TWAE_AMP_Generation/data/raw/final_3_36_train.csv
2025-11-10 10:35:27,691 - INFO - Loaded 63117 sequences from /workspace/TWAE_AMP_Generation/data/raw/final_3_36_train.csv
2025-11-10 10:35:27,691 - INFO - Validating and cleaning dataset...
2025-11-10 10:35:27,691 - INFO - Starting preprocessing of 63117 sequences...
2025-11-10 10:35:27,691 - INFO - Cleaning sequences...
2025-11-10 10:35:27,728 - INFO - Validating sequences...
2025-11-10 10:35:27,779 - INFO - Removing duplicate sequences...
2025-11-10 10:35:27,783 - INFO - Computing sequence properties...
2025-11-10 10:35:27,927 - INFO - Preprocessing complete. 38367 sequences remaining.
2025-11-10 10:35:27,929 - WARNING - Removed 24750 invalid sequences (39.2%)
2025-11-10 10:35:27,930 - INFO - Creating TensorFlow dataset with 38367 sequences
2025-11-10 10:35:27,930 - INFO - Pre-tokenizing all sequences...
2025-11-10 10:35:28,169 - INFO - Creating dataset from pre-tokenized data...
2025-11-10 10:35:28,340 - INFO - Creating batched dataset...
2025-11-10 10:35:28,400 - INFO - Dataset created successfully with batch size 64
2025-11-10 10:35:28,401 - INFO - Loading dataset from: /workspace/TWAE_AMP_Generation/data/raw/final_3_36_validation.csv
2025-11-10 10:35:28,403 - INFO - CSV format validation passed for /workspace/TWAE_AMP_Generation/data/raw/final_3_36_validation.csv
2025-11-10 10:35:28,407 - INFO - Loaded 11124 sequences from /workspace/TWAE_AMP_Generation/data/raw/final_3_36_validation.csv
2025-11-10 10:35:28,407 - INFO - Validating and cleaning dataset...
2025-11-10 10:35:28,407 - INFO - Starting preprocessing of 11124 sequences...
2025-11-10 10:35:28,407 - INFO - Cleaning sequences...
2025-11-10 10:35:28,414 - INFO - Validating sequences...
2025-11-10 10:35:28,424 - INFO - Removing duplicate sequences...
2025-11-10 10:35:28,425 - INFO - Computing sequence properties...
2025-11-10 10:35:28,466 - INFO - Preprocessing complete. 11124 sequences remaining.
2025-11-10 10:35:28,466 - INFO - Creating TensorFlow dataset with 11124 sequences
2025-11-10 10:35:28,466 - INFO - Pre-tokenizing all sequences...
2025-11-10 10:35:28,533 - INFO - Creating dataset from pre-tokenized data...
2025-11-10 10:35:28,535 - INFO - Creating batched dataset...
2025-11-10 10:35:28,551 - INFO - Dataset created successfully with batch size 128
2025-11-10 10:35:28,552 - INFO - Data pipeline setup complete
2025-11-10 10:35:28,552 - INFO - Setting up TWAE-MMD model with LSBO-guided sampling...
2025-11-10 10:35:28,913 - INFO - TWAE-MMD model setup complete
2025-11-10 10:35:28,915 - INFO - Model parameters: ~4,127,137
2025-11-10 10:35:28,915 - INFO - ✅ LSBO-guided sampling enabled in latent manager
2025-11-10 10:35:28,926 - INFO - ✅ LSBO-Guided TWAE-MMD Trainer initialized successfully
2025-11-10 10:35:28,926 - INFO - 🎯 KEY INNOVATION: No random Gaussian sampling!
2025-11-10 10:35:28,926 - INFO - 🎯 All latent samples target high-quality AMP regions
2025-11-10 10:35:28,926 - INFO - ================================================================================
2025-11-10 10:35:28,926 - INFO - 🚀 Starting LSBO-Guided Training
2025-11-10 10:35:28,926 - INFO - ================================================================================
2025-11-10 10:35:28,926 - INFO - ✨ KEY INNOVATION: No random Gaussian sampling!
2025-11-10 10:35:28,926 - INFO -    All latent samples target high-quality AMP regions
2025-11-10 10:35:28,926 - INFO - ================================================================================
2025-11-10 10:35:28,926 - INFO - 
================================================================================
2025-11-10 10:35:28,926 - INFO - Epoch 1/100
2025-11-10 10:35:28,926 - INFO - ================================================================================
2025-11-10 10:38:54,300 - INFO - 
Epoch 1 Summary:
2025-11-10 10:38:54,301 - INFO -   Total Loss: 1.6042
2025-11-10 10:38:54,301 - INFO -   🎯 Task Losses:
2025-11-10 10:38:54,301 - INFO -      Classification Loss: 0.3505
2025-11-10 10:38:54,301 - INFO -      Reconstruction Loss: 2.4128
2025-11-10 10:38:54,301 - INFO -   🎯 Performance:
2025-11-10 10:38:54,302 - INFO -      Train Accuracy: 0.9409
2025-11-10 10:38:54,302 - INFO -      Val Accuracy: 0.9471
2025-11-10 10:38:54,302 - INFO -      Val Loss: 2.8737
2025-11-10 10:38:54,302 - INFO -   📊 Latent Space Regularization:
2025-11-10 10:38:54,303 - INFO -      MMD Loss (LSBO-guided): 0.0360
2025-11-10 10:38:54,303 - INFO -      Wasserstein Loss (Energy): 1.1036
2025-11-10 10:38:54,303 - INFO -   🎯 LSBO Statistics:
2025-11-10 10:38:54,303 - INFO -      High-Quality Regions: 1000
2025-11-10 10:38:54,303 - INFO -      Average Latent Score: 0.8396
2025-11-10 10:38:54,303 - INFO -   ⏱️  Epoch Time: 205.37s
2025-11-10 10:38:54,448 - INFO -   ✅ Saved best model: lsbo_guided_training_results/checkpoints/best_model_epoch_001_acc_0.9471.keras
2025-11-10 10:38:54,448 - INFO -   📊 Creating visualizations...
2025-11-10 10:38:56,133 - INFO -      ✅ Training dashboard: training_dashboard_epoch_001.png
2025-11-10 10:38:56,133 - INFO -      🗺️  Visualizing latent space...
2025-11-10 10:38:58,947 - INFO -      ✅ Latent space: latent_space_epoch_001.png
2025-11-10 10:39:00,031 - INFO -      ✅ HQ regions: hq_regions_epoch_001.png
2025-11-10 10:39:00,031 - INFO - 
================================================================================
2025-11-10 10:39:00,031 - INFO - Epoch 2/100
2025-11-10 10:39:00,031 - INFO - ================================================================================
2025-11-10 10:42:14,938 - INFO - 
Epoch 2 Summary:
2025-11-10 10:42:14,939 - INFO -   Total Loss: 1.2197
2025-11-10 10:42:14,939 - INFO -   🎯 Task Losses:
2025-11-10 10:42:14,939 - INFO -      Classification Loss: 0.2853
2025-11-10 10:42:14,939 - INFO -      Reconstruction Loss: 2.2548
2025-11-10 10:42:14,939 - INFO -   🎯 Performance:
2025-11-10 10:42:14,940 - INFO -      Train Accuracy: 0.9597
2025-11-10 10:42:14,940 - INFO -      Val Accuracy: 0.9519
2025-11-10 10:42:14,940 - INFO -      Val Loss: 2.7136
2025-11-10 10:42:14,940 - INFO -   📊 Latent Space Regularization:
2025-11-10 10:42:14,940 - INFO -      MMD Loss (LSBO-guided): 0.0051
2025-11-10 10:42:14,941 - INFO -      Wasserstein Loss (Energy): 0.1229
2025-11-10 10:42:14,941 - INFO -   🎯 LSBO Statistics:
2025-11-10 10:42:14,941 - INFO -      High-Quality Regions: 1000
2025-11-10 10:42:14,941 - INFO -      Average Latent Score: 0.8560
2025-11-10 10:42:14,941 - INFO -   ⏱️  Epoch Time: 194.91s
2025-11-10 10:42:15,080 - INFO -   ✅ Saved best model: lsbo_guided_training_results/checkpoints/best_model_epoch_002_acc_0.9519.keras
2025-11-10 10:42:15,080 - INFO - 
================================================================================
2025-11-10 10:42:15,080 - INFO - Epoch 3/100
2025-11-10 10:42:15,080 - INFO - ================================================================================
2025-11-10 10:45:26,537 - INFO - 
Epoch 3 Summary:
2025-11-10 10:45:26,537 - INFO -   Total Loss: 1.1849
2025-11-10 10:45:26,537 - INFO -   🎯 Task Losses:
2025-11-10 10:45:26,537 - INFO -      Classification Loss: 0.2766
2025-11-10 10:45:26,538 - INFO -      Reconstruction Loss: 2.2113
2025-11-10 10:45:26,538 - INFO -   🎯 Performance:
2025-11-10 10:45:26,538 - INFO -      Train Accuracy: 0.9644
2025-11-10 10:45:26,538 - INFO -      Val Accuracy: 0.9439
2025-11-10 10:45:26,539 - INFO -      Val Loss: 2.5731
2025-11-10 10:45:26,539 - INFO -   📊 Latent Space Regularization:
2025-11-10 10:45:26,539 - INFO -      MMD Loss (LSBO-guided): 0.0039
2025-11-10 10:45:26,539 - INFO -      Wasserstein Loss (Energy): 0.0897
2025-11-10 10:45:26,539 - INFO -   🎯 LSBO Statistics:
2025-11-10 10:45:26,539 - INFO -      High-Quality Regions: 1000
2025-11-10 10:45:26,539 - INFO -      Average Latent Score: 0.8639
2025-11-10 10:45:26,540 - INFO -   ⏱️  Epoch Time: 191.45s
2025-11-10 10:45:26,540 - INFO - 
================================================================================
2025-11-10 10:45:26,540 - INFO - Epoch 4/100
2025-11-10 10:45:26,540 - INFO - ================================================================================
2025-11-10 10:48:38,380 - INFO - 
Epoch 4 Summary:
2025-11-10 10:48:38,380 - INFO -   Total Loss: 1.1627
2025-11-10 10:48:38,380 - INFO -   🎯 Task Losses:
2025-11-10 10:48:38,381 - INFO -      Classification Loss: 0.2705
2025-11-10 10:48:38,381 - INFO -      Reconstruction Loss: 2.1718
2025-11-10 10:48:38,381 - INFO -   🎯 Performance:
2025-11-10 10:48:38,381 - INFO -      Train Accuracy: 0.9684
2025-11-10 10:48:38,382 - INFO -      Val Accuracy: 0.9514
2025-11-10 10:48:38,382 - INFO -      Val Loss: 2.5014
2025-11-10 10:48:38,382 - INFO -   📊 Latent Space Regularization:
2025-11-10 10:48:38,382 - INFO -      MMD Loss (LSBO-guided): 0.0036
2025-11-10 10:48:38,383 - INFO -      Wasserstein Loss (Energy): 0.0890
2025-11-10 10:48:38,383 - INFO -   🎯 LSBO Statistics:
2025-11-10 10:48:38,383 - INFO -      High-Quality Regions: 1000
2025-11-10 10:48:38,383 - INFO -      Average Latent Score: 0.8687
2025-11-10 10:48:38,383 - INFO -   ⏱️  Epoch Time: 191.84s
2025-11-10 10:48:38,383 - INFO - 
================================================================================
2025-11-10 10:48:38,383 - INFO - Epoch 5/100
2025-11-10 10:48:38,383 - INFO - ================================================================================
2025-11-10 10:51:51,635 - INFO - 
Epoch 5 Summary:
2025-11-10 10:51:51,635 - INFO -   Total Loss: 1.1404
2025-11-10 10:51:51,635 - INFO -   🎯 Task Losses:
2025-11-10 10:51:51,636 - INFO -      Classification Loss: 0.2641
2025-11-10 10:51:51,636 - INFO -      Reconstruction Loss: 2.1372
2025-11-10 10:51:51,636 - INFO -   🎯 Performance:
2025-11-10 10:51:51,636 - INFO -      Train Accuracy: 0.9719
2025-11-10 10:51:51,637 - INFO -      Val Accuracy: 0.9568
2025-11-10 10:51:51,637 - INFO -      Val Loss: 2.3833
2025-11-10 10:51:51,637 - INFO -   📊 Latent Space Regularization:
2025-11-10 10:51:51,637 - INFO -      MMD Loss (LSBO-guided): 0.0033
2025-11-10 10:51:51,638 - INFO -      Wasserstein Loss (Energy): 0.0811
2025-11-10 10:51:51,638 - INFO -   🎯 LSBO Statistics:
2025-11-10 10:51:51,638 - INFO -      High-Quality Regions: 1000
2025-11-10 10:51:51,638 - INFO -      Average Latent Score: 0.8720
2025-11-10 10:51:51,638 - INFO -   ⏱️  Epoch Time: 193.25s
2025-11-10 10:51:51,772 - INFO -   ✅ Saved best model: lsbo_guided_training_results/checkpoints/best_model_epoch_005_acc_0.9568.keras
2025-11-10 10:51:51,772 - INFO -   📊 Creating visualizations...
2025-11-10 10:51:53,567 - INFO -      ✅ Training dashboard: training_dashboard_epoch_005.png
2025-11-10 10:51:53,568 - INFO -      🗺️  Visualizing latent space...
2025-11-10 10:51:56,171 - INFO -      ✅ Latent space: latent_space_epoch_005.png
2025-11-10 10:51:57,255 - INFO -      ✅ HQ regions: hq_regions_epoch_005.png
2025-11-10 10:51:57,256 - INFO - 
================================================================================
2025-11-10 10:51:57,256 - INFO - Epoch 6/100
2025-11-10 10:51:57,256 - INFO - ================================================================================
2025-11-10 10:55:10,002 - INFO - 
Epoch 6 Summary:
2025-11-10 10:55:10,002 - INFO -   Total Loss: 1.1229
2025-11-10 10:55:10,002 - INFO -   🎯 Task Losses:
2025-11-10 10:55:10,002 - INFO -      Classification Loss: 0.2604
2025-11-10 10:55:10,003 - INFO -      Reconstruction Loss: 2.1094
2025-11-10 10:55:10,003 - INFO -   🎯 Performance:
2025-11-10 10:55:10,003 - INFO -      Train Accuracy: 0.9732
2025-11-10 10:55:10,003 - INFO -      Val Accuracy: 0.9529
2025-11-10 10:55:10,003 - INFO -      Val Loss: 2.2905
2025-11-10 10:55:10,004 - INFO -   📊 Latent Space Regularization:
2025-11-10 10:55:10,004 - INFO -      MMD Loss (LSBO-guided): 0.0027
2025-11-10 10:55:10,004 - INFO -      Wasserstein Loss (Energy): 0.0713
2025-11-10 10:55:10,004 - INFO -   🎯 LSBO Statistics:
2025-11-10 10:55:10,004 - INFO -      High-Quality Regions: 1000
2025-11-10 10:55:10,004 - INFO -      Average Latent Score: 0.8747
2025-11-10 10:55:10,004 - INFO -   ⏱️  Epoch Time: 192.74s
2025-11-10 10:55:10,004 - INFO - 
================================================================================
2025-11-10 10:55:10,005 - INFO - Epoch 7/100
2025-11-10 10:55:10,005 - INFO - ================================================================================
2025-11-10 10:58:21,198 - INFO - 
Epoch 7 Summary:
2025-11-10 10:58:21,198 - INFO -   Total Loss: 1.1112
2025-11-10 10:58:21,198 - INFO -   🎯 Task Losses:
2025-11-10 10:58:21,198 - INFO -      Classification Loss: 0.2576
2025-11-10 10:58:21,199 - INFO -      Reconstruction Loss: 2.0908
2025-11-10 10:58:21,199 - INFO -   🎯 Performance:
2025-11-10 10:58:21,199 - INFO -      Train Accuracy: 0.9750
2025-11-10 10:58:21,199 - INFO -      Val Accuracy: 0.9581
2025-11-10 10:58:21,200 - INFO -      Val Loss: 2.1916
2025-11-10 10:58:21,200 - INFO -   📊 Latent Space Regularization:
2025-11-10 10:58:21,200 - INFO -      MMD Loss (LSBO-guided): 0.0024
2025-11-10 10:58:21,200 - INFO -      Wasserstein Loss (Energy): 0.0660
2025-11-10 10:58:21,200 - INFO -   🎯 LSBO Statistics:
2025-11-10 10:58:21,200 - INFO -      High-Quality Regions: 1000
2025-11-10 10:58:21,200 - INFO -      Average Latent Score: 0.8769
2025-11-10 10:58:21,200 - INFO -   ⏱️  Epoch Time: 191.19s
2025-11-10 10:58:21,335 - INFO -   ✅ Saved best model: lsbo_guided_training_results/checkpoints/best_model_epoch_007_acc_0.9581.keras
2025-11-10 10:58:21,335 - INFO - 
================================================================================
2025-11-10 10:58:21,335 - INFO - Epoch 8/100
2025-11-10 10:58:21,335 - INFO - ================================================================================
2025-11-10 11:01:31,009 - INFO - 
Epoch 8 Summary:
2025-11-10 11:01:31,010 - INFO -   Total Loss: 1.0981
2025-11-10 11:01:31,018 - INFO -   🎯 Task Losses:
2025-11-10 11:01:31,019 - INFO -      Classification Loss: 0.2539
2025-11-10 11:01:31,019 - INFO -      Reconstruction Loss: 2.0714
2025-11-10 11:01:31,019 - INFO -   🎯 Performance:
2025-11-10 11:01:31,020 - INFO -      Train Accuracy: 0.9768
2025-11-10 11:01:31,020 - INFO -      Val Accuracy: 0.9575
2025-11-10 11:01:31,020 - INFO -      Val Loss: 2.2009
2025-11-10 11:01:31,020 - INFO -   📊 Latent Space Regularization:
2025-11-10 11:01:31,021 - INFO -      MMD Loss (LSBO-guided): 0.0021
2025-11-10 11:01:31,021 - INFO -      Wasserstein Loss (Energy): 0.0598
2025-11-10 11:01:31,021 - INFO -   🎯 LSBO Statistics:
2025-11-10 11:01:31,021 - INFO -      High-Quality Regions: 1000
2025-11-10 11:01:31,021 - INFO -      Average Latent Score: 0.8787
2025-11-10 11:01:31,021 - INFO -   ⏱️  Epoch Time: 189.67s
2025-11-10 11:01:31,021 - INFO - 
================================================================================
2025-11-10 11:01:31,021 - INFO - Epoch 9/100
2025-11-10 11:01:31,021 - INFO - ================================================================================
2025-11-10 11:04:40,361 - INFO - 
Epoch 9 Summary:
2025-11-10 11:04:40,361 - INFO -   Total Loss: 1.0898
2025-11-10 11:04:40,361 - INFO -   🎯 Task Losses:
2025-11-10 11:04:40,362 - INFO -      Classification Loss: 0.2504
2025-11-10 11:04:40,362 - INFO -      Reconstruction Loss: 2.0519
2025-11-10 11:04:40,362 - INFO -   🎯 Performance:
2025-11-10 11:04:40,362 - INFO -      Train Accuracy: 0.9795
2025-11-10 11:04:40,363 - INFO -      Val Accuracy: 0.9577
2025-11-10 11:04:40,363 - INFO -      Val Loss: 2.0380
2025-11-10 11:04:40,363 - INFO -   📊 Latent Space Regularization:
2025-11-10 11:04:40,363 - INFO -      MMD Loss (LSBO-guided): 0.0022
2025-11-10 11:04:40,363 - INFO -      Wasserstein Loss (Energy): 0.0714
2025-11-10 11:04:40,363 - INFO -   🎯 LSBO Statistics:
2025-11-10 11:04:40,364 - INFO -      High-Quality Regions: 1000
2025-11-10 11:04:40,364 - INFO -      Average Latent Score: 0.8801
2025-11-10 11:04:40,364 - INFO -   ⏱️  Epoch Time: 189.34s
2025-11-10 11:04:40,364 - INFO - 
================================================================================
2025-11-10 11:04:40,364 - INFO - Epoch 10/100
2025-11-10 11:04:40,364 - INFO - ================================================================================
2025-11-10 11:07:49,575 - INFO - 
Epoch 10 Summary:
2025-11-10 11:07:49,576 - INFO -   Total Loss: 1.0805
2025-11-10 11:07:49,576 - INFO -   🎯 Task Losses:
2025-11-10 11:07:49,576 - INFO -      Classification Loss: 0.2484
2025-11-10 11:07:49,577 - INFO -      Reconstruction Loss: 2.0345
2025-11-10 11:07:49,577 - INFO -   🎯 Performance:
2025-11-10 11:07:49,577 - INFO -      Train Accuracy: 0.9801
2025-11-10 11:07:49,577 - INFO -      Val Accuracy: 0.9579
2025-11-10 11:07:49,578 - INFO -      Val Loss: 1.9813
2025-11-10 11:07:49,578 - INFO -   📊 Latent Space Regularization:
2025-11-10 11:07:49,578 - INFO -      MMD Loss (LSBO-guided): 0.0020
2025-11-10 11:07:49,578 - INFO -      Wasserstein Loss (Energy): 0.0702
2025-11-10 11:07:49,578 - INFO -   🎯 LSBO Statistics:
2025-11-10 11:07:49,578 - INFO -      High-Quality Regions: 1000
2025-11-10 11:07:49,578 - INFO -      Average Latent Score: 0.8814
2025-11-10 11:07:49,579 - INFO -   ⏱️  Epoch Time: 189.21s
2025-11-10 11:07:49,579 - INFO -   📊 Creating visualizations...
2025-11-10 11:07:51,217 - INFO -      ✅ Training dashboard: training_dashboard_epoch_010.png
2025-11-10 11:07:51,217 - INFO -      🗺️  Visualizing latent space...
2025-11-10 11:07:53,846 - INFO -      ✅ Latent space: latent_space_epoch_010.png
2025-11-10 11:07:54,969 - INFO -      ✅ HQ regions: hq_regions_epoch_010.png
2025-11-10 11:07:55,104 - INFO -   💾 Saved checkpoint: lsbo_guided_training_results/checkpoints/checkpoint_epoch_010.keras
2025-11-10 11:07:55,106 - INFO - 
================================================================================
2025-11-10 11:07:55,106 - INFO - Epoch 11/100
2025-11-10 11:07:55,106 - INFO - ================================================================================
2025-11-10 11:11:03,808 - INFO - 
Epoch 11 Summary:
2025-11-10 11:11:03,808 - INFO -   Total Loss: 1.0697
2025-11-10 11:11:03,809 - INFO -   🎯 Task Losses:
2025-11-10 11:11:03,809 - INFO -      Classification Loss: 0.2472
2025-11-10 11:11:03,809 - INFO -      Reconstruction Loss: 2.0166
2025-11-10 11:11:03,809 - INFO -   🎯 Performance:
2025-11-10 11:11:03,809 - INFO -      Train Accuracy: 0.9808
2025-11-10 11:11:03,810 - INFO -      Val Accuracy: 0.9613
2025-11-10 11:11:03,810 - INFO -      Val Loss: 1.9963
2025-11-10 11:11:03,810 - INFO -   📊 Latent Space Regularization:
2025-11-10 11:11:03,810 - INFO -      MMD Loss (LSBO-guided): 0.0018
2025-11-10 11:11:03,811 - INFO -      Wasserstein Loss (Energy): 0.0608
2025-11-10 11:11:03,811 - INFO -   🎯 LSBO Statistics:
2025-11-10 11:11:03,811 - INFO -      High-Quality Regions: 1000
2025-11-10 11:11:03,811 - INFO -      Average Latent Score: 0.8825
2025-11-10 11:11:03,811 - INFO -   ⏱️  Epoch Time: 188.70s
2025-11-10 11:11:03,939 - INFO -   ✅ Saved best model: lsbo_guided_training_results/checkpoints/best_model_epoch_011_acc_0.9613.keras
2025-11-10 11:11:03,939 - INFO - 
================================================================================
2025-11-10 11:11:03,939 - INFO - Epoch 12/100
2025-11-10 11:11:03,939 - INFO - ================================================================================
2025-11-10 11:14:12,490 - INFO - 
Epoch 12 Summary:
2025-11-10 11:14:12,490 - INFO -   Total Loss: 1.0565
2025-11-10 11:14:12,490 - INFO -   🎯 Task Losses:
2025-11-10 11:14:12,491 - INFO -      Classification Loss: 0.2435
2025-11-10 11:14:12,491 - INFO -      Reconstruction Loss: 1.9977
2025-11-10 11:14:12,491 - INFO -   🎯 Performance:
2025-11-10 11:14:12,491 - INFO -      Train Accuracy: 0.9828
2025-11-10 11:14:12,492 - INFO -      Val Accuracy: 0.9610
2025-11-10 11:14:12,492 - INFO -      Val Loss: 1.9396
2025-11-10 11:14:12,492 - INFO -   📊 Latent Space Regularization:
2025-11-10 11:14:12,492 - INFO -      MMD Loss (LSBO-guided): 0.0016
2025-11-10 11:14:12,492 - INFO -      Wasserstein Loss (Energy): 0.0537
2025-11-10 11:14:12,493 - INFO -   🎯 LSBO Statistics:
2025-11-10 11:14:12,493 - INFO -      High-Quality Regions: 1000
2025-11-10 11:14:12,493 - INFO -      Average Latent Score: 0.8834
2025-11-10 11:14:12,493 - INFO -   ⏱️  Epoch Time: 188.55s
2025-11-10 11:14:12,493 - INFO - 
================================================================================
2025-11-10 11:14:12,493 - INFO - Epoch 13/100
2025-11-10 11:14:12,493 - INFO - ================================================================================
2025-11-10 11:17:20,975 - INFO - 
Epoch 13 Summary:
2025-11-10 11:17:20,976 - INFO -   Total Loss: 1.0518
2025-11-10 11:17:20,976 - INFO -   🎯 Task Losses:
2025-11-10 11:17:20,976 - INFO -      Classification Loss: 0.2414
2025-11-10 11:17:20,976 - INFO -      Reconstruction Loss: 1.9792
2025-11-10 11:17:20,976 - INFO -   🎯 Performance:
2025-11-10 11:17:20,977 - INFO -      Train Accuracy: 0.9842
2025-11-10 11:17:20,977 - INFO -      Val Accuracy: 0.9624
2025-11-10 11:17:20,977 - INFO -      Val Loss: 1.8176
2025-11-10 11:17:20,977 - INFO -   📊 Latent Space Regularization:
2025-11-10 11:17:20,978 - INFO -      MMD Loss (LSBO-guided): 0.0021
2025-11-10 11:17:20,978 - INFO -      Wasserstein Loss (Energy): 0.0720
2025-11-10 11:17:20,978 - INFO -   🎯 LSBO Statistics:
2025-11-10 11:17:20,978 - INFO -      High-Quality Regions: 1000
2025-11-10 11:17:20,978 - INFO -      Average Latent Score: 0.8842
2025-11-10 11:17:20,978 - INFO -   ⏱️  Epoch Time: 188.48s
2025-11-10 11:17:21,106 - INFO -   ✅ Saved best model: lsbo_guided_training_results/checkpoints/best_model_epoch_013_acc_0.9624.keras
2025-11-10 11:17:21,107 - INFO - 
================================================================================
2025-11-10 11:17:21,107 - INFO - Epoch 14/100
2025-11-10 11:17:21,107 - INFO - ================================================================================
2025-11-10 11:20:29,783 - INFO - 
Epoch 14 Summary:
2025-11-10 11:20:29,783 - INFO -   Total Loss: 1.0445
2025-11-10 11:20:29,783 - INFO -   🎯 Task Losses:
2025-11-10 11:20:29,784 - INFO -      Classification Loss: 0.2394
2025-11-10 11:20:29,784 - INFO -      Reconstruction Loss: 1.9616
2025-11-10 11:20:29,784 - INFO -   🎯 Performance:
2025-11-10 11:20:29,784 - INFO -      Train Accuracy: 0.9853
2025-11-10 11:20:29,785 - INFO -      Val Accuracy: 0.9639
2025-11-10 11:20:29,785 - INFO -      Val Loss: 1.8415
2025-11-10 11:20:29,785 - INFO -   📊 Latent Space Regularization:
2025-11-10 11:20:29,785 - INFO -      MMD Loss (LSBO-guided): 0.0020
2025-11-10 11:20:29,785 - INFO -      Wasserstein Loss (Energy): 0.0793
2025-11-10 11:20:29,786 - INFO -   🎯 LSBO Statistics:
2025-11-10 11:20:29,786 - INFO -      High-Quality Regions: 1000
2025-11-10 11:20:29,786 - INFO -      Average Latent Score: 0.8849
2025-11-10 11:20:29,786 - INFO -   ⏱️  Epoch Time: 188.67s
2025-11-10 11:20:29,913 - INFO -   ✅ Saved best model: lsbo_guided_training_results/checkpoints/best_model_epoch_014_acc_0.9639.keras
2025-11-10 11:20:29,913 - INFO - 
================================================================================
2025-11-10 11:20:29,914 - INFO - Epoch 15/100
2025-11-10 11:20:29,914 - INFO - ================================================================================
2025-11-10 11:23:38,324 - INFO - 
Epoch 15 Summary:
2025-11-10 11:23:38,325 - INFO -   Total Loss: 1.0394
2025-11-10 11:23:38,325 - INFO -   🎯 Task Losses:
2025-11-10 11:23:38,325 - INFO -      Classification Loss: 0.2384
2025-11-10 11:23:38,325 - INFO -      Reconstruction Loss: 1.9454
2025-11-10 11:23:38,325 - INFO -   🎯 Performance:
2025-11-10 11:23:38,325 - INFO -      Train Accuracy: 0.9858
2025-11-10 11:23:38,326 - INFO -      Val Accuracy: 0.9612
2025-11-10 11:23:38,326 - INFO -      Val Loss: 1.7313
2025-11-10 11:23:38,326 - INFO -   📊 Latent Space Regularization:
2025-11-10 11:23:38,326 - INFO -      MMD Loss (LSBO-guided): 0.0021
2025-11-10 11:23:38,327 - INFO -      Wasserstein Loss (Energy): 0.0884
2025-11-10 11:23:38,327 - INFO -   🎯 LSBO Statistics:
2025-11-10 11:23:38,327 - INFO -      High-Quality Regions: 1000
2025-11-10 11:23:38,327 - INFO -      Average Latent Score: 0.8856
2025-11-10 11:23:38,327 - INFO -   ⏱️  Epoch Time: 188.41s
2025-11-10 11:23:38,327 - INFO -   📊 Creating visualizations...
2025-11-10 11:23:40,010 - INFO -      ✅ Training dashboard: training_dashboard_epoch_015.png
2025-11-10 11:23:40,010 - INFO -      🗺️  Visualizing latent space...
2025-11-10 11:23:42,633 - INFO -      ✅ Latent space: latent_space_epoch_015.png
2025-11-10 11:23:43,728 - INFO -      ✅ HQ regions: hq_regions_epoch_015.png
2025-11-10 11:23:43,728 - INFO - 
================================================================================
2025-11-10 11:23:43,728 - INFO - Epoch 16/100
2025-11-10 11:23:43,728 - INFO - ================================================================================
2025-11-10 11:26:52,333 - INFO - 
Epoch 16 Summary:
2025-11-10 11:26:52,333 - INFO -   Total Loss: 1.0353
2025-11-10 11:26:52,333 - INFO -   🎯 Task Losses:
2025-11-10 11:26:52,334 - INFO -      Classification Loss: 0.2370
2025-11-10 11:26:52,334 - INFO -      Reconstruction Loss: 1.9302
2025-11-10 11:26:52,334 - INFO -   🎯 Performance:
2025-11-10 11:26:52,334 - INFO -      Train Accuracy: 0.9863
2025-11-10 11:26:52,335 - INFO -      Val Accuracy: 0.9642
2025-11-10 11:26:52,335 - INFO -      Val Loss: 1.6480
2025-11-10 11:26:52,335 - INFO -   📊 Latent Space Regularization:
2025-11-10 11:26:52,335 - INFO -      MMD Loss (LSBO-guided): 0.0022
2025-11-10 11:26:52,335 - INFO -      Wasserstein Loss (Energy): 0.1016
2025-11-10 11:26:52,336 - INFO -   🎯 LSBO Statistics:
2025-11-10 11:26:52,336 - INFO -      High-Quality Regions: 1000
2025-11-10 11:26:52,336 - INFO -      Average Latent Score: 0.8863
2025-11-10 11:26:52,336 - INFO -   ⏱️  Epoch Time: 188.60s
2025-11-10 11:26:52,474 - INFO -   ✅ Saved best model: lsbo_guided_training_results/checkpoints/best_model_epoch_016_acc_0.9642.keras
2025-11-10 11:26:52,474 - INFO - 
================================================================================
2025-11-10 11:26:52,474 - INFO - Epoch 17/100
2025-11-10 11:26:52,474 - INFO - ================================================================================
2025-11-10 11:30:01,449 - INFO - 
Epoch 17 Summary:
2025-11-10 11:30:01,450 - INFO -   Total Loss: 1.0290
2025-11-10 11:30:01,450 - INFO -   🎯 Task Losses:
2025-11-10 11:30:01,450 - INFO -      Classification Loss: 0.2356
2025-11-10 11:30:01,450 - INFO -      Reconstruction Loss: 1.9152
2025-11-10 11:30:01,450 - INFO -   🎯 Performance:
2025-11-10 11:30:01,451 - INFO -      Train Accuracy: 0.9870
2025-11-10 11:30:01,451 - INFO -      Val Accuracy: 0.9649
2025-11-10 11:30:01,451 - INFO -      Val Loss: 1.6345
2025-11-10 11:30:01,451 - INFO -   📊 Latent Space Regularization:
2025-11-10 11:30:01,452 - INFO -      MMD Loss (LSBO-guided): 0.0022
2025-11-10 11:30:01,452 - INFO -      Wasserstein Loss (Energy): 0.1063
2025-11-10 11:30:01,452 - INFO -   🎯 LSBO Statistics:
2025-11-10 11:30:01,452 - INFO -      High-Quality Regions: 1000
2025-11-10 11:30:01,452 - INFO -      Average Latent Score: 0.8868
2025-11-10 11:30:01,452 - INFO -   ⏱️  Epoch Time: 188.97s
2025-11-10 11:30:01,584 - INFO -   ✅ Saved best model: lsbo_guided_training_results/checkpoints/best_model_epoch_017_acc_0.9649.keras
2025-11-10 11:30:01,584 - INFO - 
================================================================================
2025-11-10 11:30:01,584 - INFO - Epoch 18/100
2025-11-10 11:30:01,584 - INFO - ================================================================================
2025-11-10 11:33:10,507 - INFO - 
Epoch 18 Summary:
2025-11-10 11:33:10,507 - INFO -   Total Loss: 1.0215
2025-11-10 11:33:10,507 - INFO -   🎯 Task Losses:
2025-11-10 11:33:10,507 - INFO -      Classification Loss: 0.2334
2025-11-10 11:33:10,508 - INFO -      Reconstruction Loss: 1.9005
2025-11-10 11:33:10,508 - INFO -   🎯 Performance:
2025-11-10 11:33:10,508 - INFO -      Train Accuracy: 0.9883
2025-11-10 11:33:10,508 - INFO -      Val Accuracy: 0.9631
2025-11-10 11:33:10,508 - INFO -      Val Loss: 1.5925
2025-11-10 11:33:10,509 - INFO -   📊 Latent Space Regularization:
2025-11-10 11:33:10,509 - INFO -      MMD Loss (LSBO-guided): 0.0024
2025-11-10 11:33:10,509 - INFO -      Wasserstein Loss (Energy): 0.1082
2025-11-10 11:33:10,509 - INFO -   🎯 LSBO Statistics:
2025-11-10 11:33:10,509 - INFO -      High-Quality Regions: 1000
2025-11-10 11:33:10,509 - INFO -      Average Latent Score: 0.8873
2025-11-10 11:33:10,509 - INFO -   ⏱️  Epoch Time: 188.92s
2025-11-10 11:33:10,510 - INFO - 
================================================================================
2025-11-10 11:33:10,510 - INFO - Epoch 19/100
2025-11-10 11:33:10,510 - INFO - ================================================================================
2025-11-10 11:36:19,272 - INFO - 
Epoch 19 Summary:
2025-11-10 11:36:19,272 - INFO -   Total Loss: 1.0103
2025-11-10 11:36:19,272 - INFO -   🎯 Task Losses:
2025-11-10 11:36:19,273 - INFO -      Classification Loss: 0.2315
2025-11-10 11:36:19,273 - INFO -      Reconstruction Loss: 1.8863
2025-11-10 11:36:19,273 - INFO -   🎯 Performance:
2025-11-10 11:36:19,273 - INFO -      Train Accuracy: 0.9893
2025-11-10 11:36:19,274 - INFO -      Val Accuracy: 0.9640
2025-11-10 11:36:19,274 - INFO -      Val Loss: 1.5543
2025-11-10 11:36:19,274 - INFO -   📊 Latent Space Regularization:
2025-11-10 11:36:19,274 - INFO -      MMD Loss (LSBO-guided): 0.0020
2025-11-10 11:36:19,274 - INFO -      Wasserstein Loss (Energy): 0.0942
2025-11-10 11:36:19,274 - INFO -   🎯 LSBO Statistics:
2025-11-10 11:36:19,274 - INFO -      High-Quality Regions: 1000
2025-11-10 11:36:19,275 - INFO -      Average Latent Score: 0.8877
2025-11-10 11:36:19,275 - INFO -   ⏱️  Epoch Time: 188.76s
2025-11-10 11:36:19,275 - INFO - 
================================================================================
2025-11-10 11:36:19,275 - INFO - Epoch 20/100
2025-11-10 11:36:19,275 - INFO - ================================================================================
2025-11-10 11:39:28,253 - INFO - 
Epoch 20 Summary:
2025-11-10 11:39:28,254 - INFO -   Total Loss: 1.0014
2025-11-10 11:39:28,254 - INFO -   🎯 Task Losses:
2025-11-10 11:39:28,254 - INFO -      Classification Loss: 0.2303
2025-11-10 11:39:28,254 - INFO -      Reconstruction Loss: 1.8730
2025-11-10 11:39:28,254 - INFO -   🎯 Performance:
2025-11-10 11:39:28,255 - INFO -      Train Accuracy: 0.9896
2025-11-10 11:39:28,255 - INFO -      Val Accuracy: 0.9637
2025-11-10 11:39:28,255 - INFO -      Val Loss: 1.5365
2025-11-10 11:39:28,255 - INFO -   📊 Latent Space Regularization:
2025-11-10 11:39:28,256 - INFO -      MMD Loss (LSBO-guided): 0.0018
2025-11-10 11:39:28,256 - INFO -      Wasserstein Loss (Energy): 0.0853
2025-11-10 11:39:28,256 - INFO -   🎯 LSBO Statistics:
2025-11-10 11:39:28,256 - INFO -      High-Quality Regions: 1000
2025-11-10 11:39:28,256 - INFO -      Average Latent Score: 0.8882
2025-11-10 11:39:28,256 - INFO -   ⏱️  Epoch Time: 188.98s
2025-11-10 11:39:28,256 - INFO -   📊 Creating visualizations...
2025-11-10 11:39:30,072 - INFO -      ✅ Training dashboard: training_dashboard_epoch_020.png
2025-11-10 11:39:30,072 - INFO -      🗺️  Visualizing latent space...
2025-11-10 11:39:32,751 - INFO -      ✅ Latent space: latent_space_epoch_020.png
2025-11-10 11:39:33,848 - INFO -      ✅ HQ regions: hq_regions_epoch_020.png
2025-11-10 11:39:33,980 - INFO -   💾 Saved checkpoint: lsbo_guided_training_results/checkpoints/checkpoint_epoch_020.keras
2025-11-10 11:39:33,981 - INFO - 
================================================================================
2025-11-10 11:39:33,981 - INFO - Epoch 21/100
2025-11-10 11:39:33,981 - INFO - ================================================================================
2025-11-10 11:42:42,501 - INFO - 
Epoch 21 Summary:
2025-11-10 11:42:42,501 - INFO -   Total Loss: 0.9959
2025-11-10 11:42:42,501 - INFO -   🎯 Task Losses:
2025-11-10 11:42:42,501 - INFO -      Classification Loss: 0.2299
2025-11-10 11:42:42,502 - INFO -      Reconstruction Loss: 1.8609
2025-11-10 11:42:42,502 - INFO -   🎯 Performance:
2025-11-10 11:42:42,502 - INFO -      Train Accuracy: 0.9896
2025-11-10 11:42:42,502 - INFO -      Val Accuracy: 0.9631
2025-11-10 11:42:42,503 - INFO -      Val Loss: 1.4695
2025-11-10 11:42:42,503 - INFO -   📊 Latent Space Regularization:
2025-11-10 11:42:42,503 - INFO -      MMD Loss (LSBO-guided): 0.0017
2025-11-10 11:42:42,503 - INFO -      Wasserstein Loss (Energy): 0.0844
2025-11-10 11:42:42,503 - INFO -   🎯 LSBO Statistics:
2025-11-10 11:42:42,503 - INFO -      High-Quality Regions: 1000
2025-11-10 11:42:42,503 - INFO -      Average Latent Score: 0.8886
2025-11-10 11:42:42,503 - INFO -   ⏱️  Epoch Time: 188.52s
2025-11-10 11:42:42,504 - INFO - 
================================================================================
2025-11-10 11:42:42,504 - INFO - Epoch 22/100
2025-11-10 11:42:42,504 - INFO - ================================================================================
2025-11-10 11:45:51,526 - INFO - 
Epoch 22 Summary:
2025-11-10 11:45:51,527 - INFO -   Total Loss: 0.9924
2025-11-10 11:45:51,527 - INFO -   🎯 Task Losses:
2025-11-10 11:45:51,527 - INFO -      Classification Loss: 0.2283
2025-11-10 11:45:51,528 - INFO -      Reconstruction Loss: 1.8489
2025-11-10 11:45:51,528 - INFO -   🎯 Performance:
2025-11-10 11:45:51,528 - INFO -      Train Accuracy: 0.9899
2025-11-10 11:45:51,528 - INFO -      Val Accuracy: 0.9641
2025-11-10 11:45:51,529 - INFO -      Val Loss: 1.4726
2025-11-10 11:45:51,529 - INFO -   📊 Latent Space Regularization:
2025-11-10 11:45:51,529 - INFO -      MMD Loss (LSBO-guided): 0.0020
2025-11-10 11:45:51,529 - INFO -      Wasserstein Loss (Energy): 0.0956
2025-11-10 11:45:51,529 - INFO -   🎯 LSBO Statistics:
2025-11-10 11:45:51,529 - INFO -      High-Quality Regions: 1000
2025-11-10 11:45:51,529 - INFO -      Average Latent Score: 0.8889
2025-11-10 11:45:51,529 - INFO -   ⏱️  Epoch Time: 189.02s
2025-11-10 11:45:51,530 - INFO - 
================================================================================
2025-11-10 11:45:51,530 - INFO - Epoch 23/100
2025-11-10 11:45:51,530 - INFO - ================================================================================
2025-11-10 11:49:00,481 - INFO - 
Epoch 23 Summary:
2025-11-10 11:49:00,481 - INFO -   Total Loss: 0.9824
2025-11-10 11:49:00,481 - INFO -   🎯 Task Losses:
2025-11-10 11:49:00,481 - INFO -      Classification Loss: 0.2284
2025-11-10 11:49:00,482 - INFO -      Reconstruction Loss: 1.8372
2025-11-10 11:49:00,482 - INFO -   🎯 Performance:
2025-11-10 11:49:00,482 - INFO -      Train Accuracy: 0.9906
2025-11-10 11:49:00,482 - INFO -      Val Accuracy: 0.9655
2025-11-10 11:49:00,483 - INFO -      Val Loss: 1.4542
2025-11-10 11:49:00,483 - INFO -   📊 Latent Space Regularization:
2025-11-10 11:49:00,483 - INFO -      MMD Loss (LSBO-guided): 0.0015
2025-11-10 11:49:00,483 - INFO -      Wasserstein Loss (Energy): 0.0746
2025-11-10 11:49:00,483 - INFO -   🎯 LSBO Statistics:
2025-11-10 11:49:00,483 - INFO -      High-Quality Regions: 1000
2025-11-10 11:49:00,483 - INFO -      Average Latent Score: 0.8892
2025-11-10 11:49:00,483 - INFO -   ⏱️  Epoch Time: 188.95s
2025-11-10 11:49:00,608 - INFO -   ✅ Saved best model: lsbo_guided_training_results/checkpoints/best_model_epoch_023_acc_0.9655.keras
2025-11-10 11:49:00,609 - INFO - 
================================================================================
2025-11-10 11:49:00,609 - INFO - Epoch 24/100
2025-11-10 11:49:00,609 - INFO - ================================================================================
2025-11-10 11:52:09,155 - INFO - 
Epoch 24 Summary:
2025-11-10 11:52:09,155 - INFO -   Total Loss: 0.9770
2025-11-10 11:52:09,155 - INFO -   🎯 Task Losses:
2025-11-10 11:52:09,156 - INFO -      Classification Loss: 0.2269
2025-11-10 11:52:09,156 - INFO -      Reconstruction Loss: 1.8262
2025-11-10 11:52:09,156 - INFO -   🎯 Performance:
2025-11-10 11:52:09,156 - INFO -      Train Accuracy: 0.9910
2025-11-10 11:52:09,157 - INFO -      Val Accuracy: 0.9645
2025-11-10 11:52:09,157 - INFO -      Val Loss: 1.4233
2025-11-10 11:52:09,157 - INFO -   📊 Latent Space Regularization:
2025-11-10 11:52:09,157 - INFO -      MMD Loss (LSBO-guided): 0.0017
2025-11-10 11:52:09,158 - INFO -      Wasserstein Loss (Energy): 0.0760
2025-11-10 11:52:09,158 - INFO -   🎯 LSBO Statistics:
2025-11-10 11:52:09,158 - INFO -      High-Quality Regions: 1000
2025-11-10 11:52:09,158 - INFO -      Average Latent Score: 0.8895
2025-11-10 11:52:09,158 - INFO -   ⏱️  Epoch Time: 188.54s
2025-11-10 11:52:09,158 - INFO - 
================================================================================
2025-11-10 11:52:09,158 - INFO - Epoch 25/100
2025-11-10 11:52:09,158 - INFO - ================================================================================
2025-11-10 11:55:20,301 - INFO - 
Epoch 25 Summary:
2025-11-10 11:55:20,301 - INFO -   Total Loss: 0.9728
2025-11-10 11:55:20,301 - INFO -   🎯 Task Losses:
2025-11-10 11:55:20,302 - INFO -      Classification Loss: 0.2269
2025-11-10 11:55:20,302 - INFO -      Reconstruction Loss: 1.8154
2025-11-10 11:55:20,302 - INFO -   🎯 Performance:
2025-11-10 11:55:20,302 - INFO -      Train Accuracy: 0.9909
2025-11-10 11:55:20,303 - INFO -      Val Accuracy: 0.9646
2025-11-10 11:55:20,303 - INFO -      Val Loss: 1.4574
2025-11-10 11:55:20,303 - INFO -   📊 Latent Space Regularization:
2025-11-10 11:55:20,303 - INFO -      MMD Loss (LSBO-guided): 0.0016
2025-11-10 11:55:20,303 - INFO -      Wasserstein Loss (Energy): 0.0767
2025-11-10 11:55:20,303 - INFO -   🎯 LSBO Statistics:
2025-11-10 11:55:20,303 - INFO -      High-Quality Regions: 1000
2025-11-10 11:55:20,303 - INFO -      Average Latent Score: 0.8898
2025-11-10 11:55:20,304 - INFO -   ⏱️  Epoch Time: 191.14s
2025-11-10 11:55:20,304 - INFO -   📊 Creating visualizations...
2025-11-10 11:55:21,955 - INFO -      ✅ Training dashboard: training_dashboard_epoch_025.png
2025-11-10 11:55:21,955 - INFO -      🗺️  Visualizing latent space...
2025-11-10 11:55:24,690 - INFO -      ✅ Latent space: latent_space_epoch_025.png
2025-11-10 11:55:25,796 - INFO -      ✅ HQ regions: hq_regions_epoch_025.png
2025-11-10 11:55:25,796 - INFO - 
================================================================================
2025-11-10 11:55:25,796 - INFO - Epoch 26/100
2025-11-10 11:55:25,796 - INFO - ================================================================================
2025-11-10 11:58:35,600 - INFO - 
Epoch 26 Summary:
2025-11-10 11:58:35,600 - INFO -   Total Loss: 0.9630
2025-11-10 11:58:35,600 - INFO -   🎯 Task Losses:
2025-11-10 11:58:35,600 - INFO -      Classification Loss: 0.2257
2025-11-10 11:58:35,601 - INFO -      Reconstruction Loss: 1.8043
2025-11-10 11:58:35,601 - INFO -   🎯 Performance:
2025-11-10 11:58:35,601 - INFO -      Train Accuracy: 0.9917
2025-11-10 11:58:35,601 - INFO -      Val Accuracy: 0.9623
2025-11-10 11:58:35,601 - INFO -      Val Loss: 1.3980
2025-11-10 11:58:35,601 - INFO -   📊 Latent Space Regularization:
2025-11-10 11:58:35,602 - INFO -      MMD Loss (LSBO-guided): 0.0014
2025-11-10 11:58:35,602 - INFO -      Wasserstein Loss (Energy): 0.0603
2025-11-10 11:58:35,602 - INFO -   🎯 LSBO Statistics:
2025-11-10 11:58:35,602 - INFO -      High-Quality Regions: 1000
2025-11-10 11:58:35,602 - INFO -      Average Latent Score: 0.8901
2025-11-10 11:58:35,602 - INFO -   ⏱️  Epoch Time: 189.80s
2025-11-10 11:58:35,602 - INFO - 
================================================================================
2025-11-10 11:58:35,602 - INFO - Epoch 27/100
2025-11-10 11:58:35,603 - INFO - ================================================================================
2025-11-10 12:01:49,049 - INFO - 
Epoch 27 Summary:
2025-11-10 12:01:49,049 - INFO -   Total Loss: 0.9609
2025-11-10 12:01:49,049 - INFO -   🎯 Task Losses:
2025-11-10 12:01:49,050 - INFO -      Classification Loss: 0.2250
2025-11-10 12:01:49,050 - INFO -      Reconstruction Loss: 1.7956
2025-11-10 12:01:49,050 - INFO -   🎯 Performance:
2025-11-10 12:01:49,050 - INFO -      Train Accuracy: 0.9921
2025-11-10 12:01:49,051 - INFO -      Val Accuracy: 0.9620
2025-11-10 12:01:49,051 - INFO -      Val Loss: 1.3462
2025-11-10 12:01:49,051 - INFO -   📊 Latent Space Regularization:
2025-11-10 12:01:49,051 - INFO -      MMD Loss (LSBO-guided): 0.0015
2025-11-10 12:01:49,051 - INFO -      Wasserstein Loss (Energy): 0.0684
2025-11-10 12:01:49,051 - INFO -   🎯 LSBO Statistics:
2025-11-10 12:01:49,051 - INFO -      High-Quality Regions: 1000
2025-11-10 12:01:49,052 - INFO -      Average Latent Score: 0.8904
2025-11-10 12:01:49,052 - INFO -   ⏱️  Epoch Time: 193.44s
2025-11-10 12:01:49,052 - INFO - 
================================================================================
2025-11-10 12:01:49,052 - INFO - Epoch 28/100
2025-11-10 12:01:49,052 - INFO - ================================================================================
2025-11-10 12:05:07,071 - INFO - 
Epoch 28 Summary:
2025-11-10 12:05:07,072 - INFO -   Total Loss: 0.9606
2025-11-10 12:05:07,072 - INFO -   🎯 Task Losses:
2025-11-10 12:05:07,072 - INFO -      Classification Loss: 0.2255
2025-11-10 12:05:07,072 - INFO -      Reconstruction Loss: 1.7865
2025-11-10 12:05:07,072 - INFO -   🎯 Performance:
2025-11-10 12:05:07,073 - INFO -      Train Accuracy: 0.9918
2025-11-10 12:05:07,073 - INFO -      Val Accuracy: 0.9629
2025-11-10 12:05:07,074 - INFO -      Val Loss: 1.3624
2025-11-10 12:05:07,074 - INFO -   📊 Latent Space Regularization:
2025-11-10 12:05:07,074 - INFO -      MMD Loss (LSBO-guided): 0.0017
2025-11-10 12:05:07,074 - INFO -      Wasserstein Loss (Energy): 0.0796
2025-11-10 12:05:07,074 - INFO -   🎯 LSBO Statistics:
2025-11-10 12:05:07,074 - INFO -      High-Quality Regions: 1000
2025-11-10 12:05:07,074 - INFO -      Average Latent Score: 0.8907
2025-11-10 12:05:07,074 - INFO -   ⏱️  Epoch Time: 198.02s
2025-11-10 12:05:07,075 - INFO - 
================================================================================
2025-11-10 12:05:07,075 - INFO - Epoch 29/100
2025-11-10 12:05:07,075 - INFO - ================================================================================
2025-11-10 12:08:27,542 - INFO - 
Epoch 29 Summary:
2025-11-10 12:08:27,542 - INFO -   Total Loss: 0.9599
2025-11-10 12:08:27,543 - INFO -   🎯 Task Losses:
2025-11-10 12:08:27,543 - INFO -      Classification Loss: 0.2246
2025-11-10 12:08:27,543 - INFO -      Reconstruction Loss: 1.7780
2025-11-10 12:08:27,543 - INFO -   🎯 Performance:
2025-11-10 12:08:27,543 - INFO -      Train Accuracy: 0.9924
2025-11-10 12:08:27,544 - INFO -      Val Accuracy: 0.9669
2025-11-10 12:08:27,544 - INFO -      Val Loss: 1.3218
2025-11-10 12:08:27,544 - INFO -   📊 Latent Space Regularization:
2025-11-10 12:08:27,544 - INFO -      MMD Loss (LSBO-guided): 0.0018
2025-11-10 12:08:27,545 - INFO -      Wasserstein Loss (Energy): 0.0938
2025-11-10 12:08:27,545 - INFO -   🎯 LSBO Statistics:
2025-11-10 12:08:27,545 - INFO -      High-Quality Regions: 1000
2025-11-10 12:08:27,545 - INFO -      Average Latent Score: 0.8910
2025-11-10 12:08:27,545 - INFO -   ⏱️  Epoch Time: 200.47s
2025-11-10 12:08:27,687 - INFO -   ✅ Saved best model: lsbo_guided_training_results/checkpoints/best_model_epoch_029_acc_0.9669.keras
2025-11-10 12:08:27,687 - INFO - 
================================================================================
2025-11-10 12:08:27,687 - INFO - Epoch 30/100
2025-11-10 12:08:27,687 - INFO - ================================================================================
2025-11-10 12:11:46,711 - INFO - 
Epoch 30 Summary:
2025-11-10 12:11:46,711 - INFO -   Total Loss: 0.9610
2025-11-10 12:11:46,711 - INFO -   🎯 Task Losses:
2025-11-10 12:11:46,712 - INFO -      Classification Loss: 0.2245
2025-11-10 12:11:46,712 - INFO -      Reconstruction Loss: 1.7703
2025-11-10 12:11:46,712 - INFO -   🎯 Performance:
2025-11-10 12:11:46,712 - INFO -      Train Accuracy: 0.9923
2025-11-10 12:11:46,712 - INFO -      Val Accuracy: 0.9630
2025-11-10 12:11:46,713 - INFO -      Val Loss: 1.2817
2025-11-10 12:11:46,713 - INFO -   📊 Latent Space Regularization:
2025-11-10 12:11:46,713 - INFO -      MMD Loss (LSBO-guided): 0.0022
2025-11-10 12:11:46,713 - INFO -      Wasserstein Loss (Energy): 0.1103
2025-11-10 12:11:46,713 - INFO -   🎯 LSBO Statistics:
2025-11-10 12:11:46,713 - INFO -      High-Quality Regions: 1000
2025-11-10 12:11:46,713 - INFO -      Average Latent Score: 0.8913
2025-11-10 12:11:46,713 - INFO -   ⏱️  Epoch Time: 199.02s
2025-11-10 12:11:46,714 - INFO -   📊 Creating visualizations...
2025-11-10 12:11:48,406 - INFO -      ✅ Training dashboard: training_dashboard_epoch_030.png
2025-11-10 12:11:48,407 - INFO -      🗺️  Visualizing latent space...
2025-11-10 12:11:51,093 - INFO -      ✅ Latent space: latent_space_epoch_030.png
2025-11-10 12:11:52,217 - INFO -      ✅ HQ regions: hq_regions_epoch_030.png
2025-11-10 12:11:52,352 - INFO -   💾 Saved checkpoint: lsbo_guided_training_results/checkpoints/checkpoint_epoch_030.keras
2025-11-10 12:11:52,353 - INFO - 
================================================================================
2025-11-10 12:11:52,353 - INFO - Epoch 31/100
2025-11-10 12:11:52,353 - INFO - ================================================================================
