2025-11-10 09:01:43,928 - INFO - Setting up GPU configuration...
2025-11-10 09:01:44,026 - INFO - GPU memory growth: True
2025-11-10 09:01:44,026 - INFO - Using float32
2025-11-10 09:01:44,027 - INFO - GPU configuration complete
2025-11-10 09:01:44,027 - INFO - 🚀 Initializing LSBO-guided components...
2025-11-10 09:01:44,027 - INFO - ✅ LSBO components initialized
2025-11-10 09:01:44,027 - INFO - Setting up data pipeline...
2025-11-10 09:01:44,027 - INFO - Using provided tokenizer
2025-11-10 09:01:44,027 - INFO - Using provided preprocessor
2025-11-10 09:01:44,027 - INFO - Creating training datasets...
2025-11-10 09:01:44,027 - INFO - Training data: /workspace/TWAE_AMP_Generation/data/raw/final_3_36_train.csv
2025-11-10 09:01:44,027 - INFO - Validation data: /workspace/TWAE_AMP_Generation/data/raw/final_3_36_validation.csv
2025-11-10 09:01:44,027 - INFO - Loading dataset from: /workspace/TWAE_AMP_Generation/data/raw/final_3_36_train.csv
2025-11-10 09:01:44,032 - INFO - CSV format validation passed for /workspace/TWAE_AMP_Generation/data/raw/final_3_36_train.csv
2025-11-10 09:01:44,048 - INFO - Loaded 63117 sequences from /workspace/TWAE_AMP_Generation/data/raw/final_3_36_train.csv
2025-11-10 09:01:44,048 - INFO - Validating and cleaning dataset...
2025-11-10 09:01:44,048 - INFO - Starting preprocessing of 63117 sequences...
2025-11-10 09:01:44,048 - INFO - Cleaning sequences...
2025-11-10 09:01:44,086 - INFO - Validating sequences...
2025-11-10 09:01:44,130 - INFO - Removing duplicate sequences...
2025-11-10 09:01:44,135 - INFO - Computing sequence properties...
2025-11-10 09:01:44,277 - INFO - Preprocessing complete. 38367 sequences remaining.
2025-11-10 09:01:44,279 - WARNING - Removed 24750 invalid sequences (39.2%)
2025-11-10 09:01:44,280 - INFO - Creating TensorFlow dataset with 38367 sequences
2025-11-10 09:01:44,280 - INFO - Pre-tokenizing all sequences...
2025-11-10 09:01:44,525 - INFO - Creating dataset from pre-tokenized data...
2025-11-10 09:01:44,703 - INFO - Creating batched dataset...
2025-11-10 09:01:44,770 - INFO - Dataset created successfully with batch size 64
2025-11-10 09:01:44,771 - INFO - Loading dataset from: /workspace/TWAE_AMP_Generation/data/raw/final_3_36_validation.csv
2025-11-10 09:01:44,773 - INFO - CSV format validation passed for /workspace/TWAE_AMP_Generation/data/raw/final_3_36_validation.csv
2025-11-10 09:01:44,777 - INFO - Loaded 11124 sequences from /workspace/TWAE_AMP_Generation/data/raw/final_3_36_validation.csv
2025-11-10 09:01:44,777 - INFO - Validating and cleaning dataset...
2025-11-10 09:01:44,777 - INFO - Starting preprocessing of 11124 sequences...
2025-11-10 09:01:44,777 - INFO - Cleaning sequences...
2025-11-10 09:01:44,784 - INFO - Validating sequences...
2025-11-10 09:01:44,793 - INFO - Removing duplicate sequences...
2025-11-10 09:01:44,793 - INFO - Computing sequence properties...
2025-11-10 09:01:44,835 - INFO - Preprocessing complete. 11124 sequences remaining.
2025-11-10 09:01:44,836 - INFO - Creating TensorFlow dataset with 11124 sequences
2025-11-10 09:01:44,836 - INFO - Pre-tokenizing all sequences...
2025-11-10 09:01:44,904 - INFO - Creating dataset from pre-tokenized data...
2025-11-10 09:01:44,906 - INFO - Creating batched dataset...
2025-11-10 09:01:44,922 - INFO - Dataset created successfully with batch size 128
2025-11-10 09:01:44,923 - INFO - Data pipeline setup complete
2025-11-10 09:01:44,923 - INFO - Setting up TWAE-MMD model with LSBO-guided sampling...
2025-11-10 09:01:45,310 - INFO - TWAE-MMD model setup complete
2025-11-10 09:01:45,312 - INFO - Model parameters: ~4,127,137
2025-11-10 09:01:45,312 - INFO - ✅ LSBO-guided sampling enabled in latent manager
2025-11-10 09:01:45,318 - INFO - ✅ LSBO-Guided TWAE-MMD Trainer initialized successfully
2025-11-10 09:01:45,318 - INFO - 🎯 KEY INNOVATION: No random Gaussian sampling!
2025-11-10 09:01:45,318 - INFO - 🎯 All latent samples target high-quality AMP regions
2025-11-10 09:01:45,318 - INFO - ================================================================================
2025-11-10 09:01:45,318 - INFO - 🚀 Starting LSBO-Guided Training
2025-11-10 09:01:45,318 - INFO - ================================================================================
2025-11-10 09:01:45,318 - INFO - ✨ KEY INNOVATION: No random Gaussian sampling!
2025-11-10 09:01:45,318 - INFO -    All latent samples target high-quality AMP regions
2025-11-10 09:01:45,318 - INFO - ================================================================================
2025-11-10 09:01:45,318 - INFO - 
================================================================================
2025-11-10 09:01:45,318 - INFO - Epoch 1/100
2025-11-10 09:01:45,318 - INFO - ================================================================================
