2025-11-10 09:40:46,354 - INFO - Setting up GPU configuration...
2025-11-10 09:40:46,464 - INFO - GPU memory growth: True
2025-11-10 09:40:46,464 - INFO - Using float32
2025-11-10 09:40:46,464 - INFO - GPU configuration complete
2025-11-10 09:40:46,464 - INFO - 🚀 Initializing LSBO-guided components...
2025-11-10 09:40:46,464 - INFO - ✅ LSBO components initialized
2025-11-10 09:40:46,464 - INFO - Setting up data pipeline...
2025-11-10 09:40:46,465 - INFO - Using provided tokenizer
2025-11-10 09:40:46,465 - INFO - Using provided preprocessor
2025-11-10 09:40:46,465 - INFO - Creating training datasets...
2025-11-10 09:40:46,465 - INFO - Training data: /workspace/TWAE_AMP_Generation/data/raw/final_3_36_train.csv
2025-11-10 09:40:46,465 - INFO - Validation data: /workspace/TWAE_AMP_Generation/data/raw/final_3_36_validation.csv
2025-11-10 09:40:46,465 - INFO - Loading dataset from: /workspace/TWAE_AMP_Generation/data/raw/final_3_36_train.csv
2025-11-10 09:40:46,468 - INFO - CSV format validation passed for /workspace/TWAE_AMP_Generation/data/raw/final_3_36_train.csv
2025-11-10 09:40:46,484 - INFO - Loaded 63117 sequences from /workspace/TWAE_AMP_Generation/data/raw/final_3_36_train.csv
2025-11-10 09:40:46,484 - INFO - Validating and cleaning dataset...
2025-11-10 09:40:46,484 - INFO - Starting preprocessing of 63117 sequences...
2025-11-10 09:40:46,484 - INFO - Cleaning sequences...
2025-11-10 09:40:46,521 - INFO - Validating sequences...
2025-11-10 09:40:46,570 - INFO - Removing duplicate sequences...
2025-11-10 09:40:46,575 - INFO - Computing sequence properties...
2025-11-10 09:40:46,726 - INFO - Preprocessing complete. 38367 sequences remaining.
2025-11-10 09:40:46,728 - WARNING - Removed 24750 invalid sequences (39.2%)
2025-11-10 09:40:46,729 - INFO - Creating TensorFlow dataset with 38367 sequences
2025-11-10 09:40:46,729 - INFO - Pre-tokenizing all sequences...
2025-11-10 09:40:46,986 - INFO - Creating dataset from pre-tokenized data...
2025-11-10 09:40:47,147 - INFO - Creating batched dataset...
2025-11-10 09:40:47,217 - INFO - Dataset created successfully with batch size 64
2025-11-10 09:40:47,218 - INFO - Loading dataset from: /workspace/TWAE_AMP_Generation/data/raw/final_3_36_validation.csv
2025-11-10 09:40:47,220 - INFO - CSV format validation passed for /workspace/TWAE_AMP_Generation/data/raw/final_3_36_validation.csv
2025-11-10 09:40:47,224 - INFO - Loaded 11124 sequences from /workspace/TWAE_AMP_Generation/data/raw/final_3_36_validation.csv
2025-11-10 09:40:47,224 - INFO - Validating and cleaning dataset...
2025-11-10 09:40:47,224 - INFO - Starting preprocessing of 11124 sequences...
2025-11-10 09:40:47,224 - INFO - Cleaning sequences...
2025-11-10 09:40:47,230 - INFO - Validating sequences...
2025-11-10 09:40:47,240 - INFO - Removing duplicate sequences...
2025-11-10 09:40:47,241 - INFO - Computing sequence properties...
2025-11-10 09:40:47,283 - INFO - Preprocessing complete. 11124 sequences remaining.
2025-11-10 09:40:47,284 - INFO - Creating TensorFlow dataset with 11124 sequences
2025-11-10 09:40:47,284 - INFO - Pre-tokenizing all sequences...
2025-11-10 09:40:47,351 - INFO - Creating dataset from pre-tokenized data...
2025-11-10 09:40:47,353 - INFO - Creating batched dataset...
2025-11-10 09:40:47,369 - INFO - Dataset created successfully with batch size 128
2025-11-10 09:40:47,369 - INFO - Data pipeline setup complete
2025-11-10 09:40:47,369 - INFO - Setting up TWAE-MMD model with LSBO-guided sampling...
2025-11-10 09:40:47,745 - INFO - TWAE-MMD model setup complete
2025-11-10 09:40:47,747 - INFO - Model parameters: ~4,127,137
2025-11-10 09:40:47,747 - INFO - ✅ LSBO-guided sampling enabled in latent manager
2025-11-10 09:40:47,755 - INFO - ✅ LSBO-Guided TWAE-MMD Trainer initialized successfully
2025-11-10 09:40:47,755 - INFO - 🎯 KEY INNOVATION: No random Gaussian sampling!
2025-11-10 09:40:47,756 - INFO - 🎯 All latent samples target high-quality AMP regions
2025-11-10 09:40:47,756 - INFO - ================================================================================
2025-11-10 09:40:47,756 - INFO - 🚀 Starting LSBO-Guided Training
2025-11-10 09:40:47,756 - INFO - ================================================================================
2025-11-10 09:40:47,756 - INFO - ✨ KEY INNOVATION: No random Gaussian sampling!
2025-11-10 09:40:47,756 - INFO -    All latent samples target high-quality AMP regions
2025-11-10 09:40:47,756 - INFO - ================================================================================
2025-11-10 09:40:47,756 - INFO - 
================================================================================
2025-11-10 09:40:47,756 - INFO - Epoch 1/100
2025-11-10 09:40:47,756 - INFO - ================================================================================
2025-11-10 09:44:14,708 - INFO - 
Epoch 1 Summary:
2025-11-10 09:44:14,709 - INFO -   Train Loss: 1.5917
2025-11-10 09:44:14,709 - INFO -   Train Accuracy: 0.9405
2025-11-10 09:44:14,709 - INFO -   Val Loss: 2.9518
2025-11-10 09:44:14,710 - INFO -   Val Accuracy: 0.9176
2025-11-10 09:44:14,710 - INFO -   📊 Latent Space Regularization:
2025-11-10 09:44:14,710 - INFO -      MMD Loss (LSBO-guided): 0.0345
2025-11-10 09:44:14,710 - INFO -      Wasserstein Loss (Energy): 1.0373
2025-11-10 09:44:14,710 - INFO -   🎯 LSBO Statistics:
2025-11-10 09:44:14,710 - INFO -      High-Quality Regions: 1000
2025-11-10 09:44:14,710 - INFO -      Average Latent Score: 0.8390
2025-11-10 09:44:14,710 - INFO -   ⏱️  Epoch Time: 206.95s
2025-11-10 09:44:14,853 - INFO -   ✅ Saved best model: lsbo_guided_training_results/checkpoints/best_model_epoch_001_acc_0.9176.keras
2025-11-10 09:44:14,853 - INFO -   📊 Creating visualizations...
2025-11-10 09:44:16,534 - INFO -      ✅ Training dashboard: training_dashboard_epoch_001.png
2025-11-10 09:44:16,534 - INFO -      🗺️  Visualizing latent space...
2025-11-10 09:44:19,475 - INFO -      ✅ Latent space: latent_space_epoch_001.png
2025-11-10 09:44:20,602 - INFO -      ✅ HQ regions: hq_regions_epoch_001.png
2025-11-10 09:44:20,602 - INFO - 
================================================================================
2025-11-10 09:44:20,602 - INFO - Epoch 2/100
2025-11-10 09:44:20,602 - INFO - ================================================================================
2025-11-10 09:47:41,953 - INFO - 
Epoch 2 Summary:
2025-11-10 09:47:41,953 - INFO -   Train Loss: 1.2966
2025-11-10 09:47:41,954 - INFO -   Train Accuracy: 0.9579
2025-11-10 09:47:41,954 - INFO -   Val Loss: 3.0349
2025-11-10 09:47:41,954 - INFO -   Val Accuracy: 0.9275
2025-11-10 09:47:41,955 - INFO -   📊 Latent Space Regularization:
2025-11-10 09:47:41,955 - INFO -      MMD Loss (LSBO-guided): 0.0120
2025-11-10 09:47:41,955 - INFO -      Wasserstein Loss (Energy): 0.4113
2025-11-10 09:47:41,955 - INFO -   🎯 LSBO Statistics:
2025-11-10 09:47:41,955 - INFO -      High-Quality Regions: 1000
2025-11-10 09:47:41,955 - INFO -      Average Latent Score: 0.8543
2025-11-10 09:47:41,955 - INFO -   ⏱️  Epoch Time: 201.35s
2025-11-10 09:47:42,092 - INFO -   ✅ Saved best model: lsbo_guided_training_results/checkpoints/best_model_epoch_002_acc_0.9275.keras
2025-11-10 09:47:42,092 - INFO - 
================================================================================
2025-11-10 09:47:42,093 - INFO - Epoch 3/100
2025-11-10 09:47:42,093 - INFO - ================================================================================
2025-11-10 09:51:02,964 - INFO - 
Epoch 3 Summary:
2025-11-10 09:51:02,965 - INFO -   Train Loss: 1.2546
2025-11-10 09:51:02,965 - INFO -   Train Accuracy: 0.9613
2025-11-10 09:51:02,965 - INFO -   Val Loss: 2.9515
2025-11-10 09:51:02,965 - INFO -   Val Accuracy: 0.9355
2025-11-10 09:51:02,965 - INFO -   📊 Latent Space Regularization:
2025-11-10 09:51:02,966 - INFO -      MMD Loss (LSBO-guided): 0.0090
2025-11-10 09:51:02,966 - INFO -      Wasserstein Loss (Energy): 0.3254
2025-11-10 09:51:02,966 - INFO -   🎯 LSBO Statistics:
2025-11-10 09:51:02,966 - INFO -      High-Quality Regions: 1000
2025-11-10 09:51:02,966 - INFO -      Average Latent Score: 0.8616
2025-11-10 09:51:02,966 - INFO -   ⏱️  Epoch Time: 200.87s
2025-11-10 09:51:03,099 - INFO -   ✅ Saved best model: lsbo_guided_training_results/checkpoints/best_model_epoch_003_acc_0.9355.keras
2025-11-10 09:51:03,100 - INFO - 
================================================================================
2025-11-10 09:51:03,100 - INFO - Epoch 4/100
2025-11-10 09:51:03,100 - INFO - ================================================================================
2025-11-10 09:54:31,532 - INFO - 
Epoch 4 Summary:
2025-11-10 09:54:31,533 - INFO -   Train Loss: 1.2205
2025-11-10 09:54:31,533 - INFO -   Train Accuracy: 0.9655
2025-11-10 09:54:31,533 - INFO -   Val Loss: 3.2465
2025-11-10 09:54:31,534 - INFO -   Val Accuracy: 0.9267
2025-11-10 09:54:31,534 - INFO -   📊 Latent Space Regularization:
2025-11-10 09:54:31,534 - INFO -      MMD Loss (LSBO-guided): 0.0071
2025-11-10 09:54:31,534 - INFO -      Wasserstein Loss (Energy): 0.2597
2025-11-10 09:54:31,534 - INFO -   🎯 LSBO Statistics:
2025-11-10 09:54:31,534 - INFO -      High-Quality Regions: 1000
2025-11-10 09:54:31,534 - INFO -      Average Latent Score: 0.8665
2025-11-10 09:54:31,534 - INFO -   ⏱️  Epoch Time: 208.43s
2025-11-10 09:54:31,535 - INFO - 
================================================================================
2025-11-10 09:54:31,535 - INFO - Epoch 5/100
2025-11-10 09:54:31,535 - INFO - ================================================================================
2025-11-10 09:57:59,326 - INFO - 
Epoch 5 Summary:
2025-11-10 09:57:59,327 - INFO -   Train Loss: 1.2038
2025-11-10 09:57:59,327 - INFO -   Train Accuracy: 0.9677
2025-11-10 09:57:59,327 - INFO -   Val Loss: 2.8985
2025-11-10 09:57:59,328 - INFO -   Val Accuracy: 0.9390
2025-11-10 09:57:59,328 - INFO -   📊 Latent Space Regularization:
2025-11-10 09:57:59,328 - INFO -      MMD Loss (LSBO-guided): 0.0067
2025-11-10 09:57:59,328 - INFO -      Wasserstein Loss (Energy): 0.2536
2025-11-10 09:57:59,328 - INFO -   🎯 LSBO Statistics:
2025-11-10 09:57:59,328 - INFO -      High-Quality Regions: 1000
2025-11-10 09:57:59,328 - INFO -      Average Latent Score: 0.8698
2025-11-10 09:57:59,328 - INFO -   ⏱️  Epoch Time: 207.79s
2025-11-10 09:57:59,478 - INFO -   ✅ Saved best model: lsbo_guided_training_results/checkpoints/best_model_epoch_005_acc_0.9390.keras
2025-11-10 09:57:59,478 - INFO -   📊 Creating visualizations...
2025-11-10 09:58:01,287 - INFO -      ✅ Training dashboard: training_dashboard_epoch_005.png
2025-11-10 09:58:01,287 - INFO -      🗺️  Visualizing latent space...
2025-11-10 09:58:03,990 - INFO -      ✅ Latent space: latent_space_epoch_005.png
2025-11-10 09:58:05,104 - INFO -      ✅ HQ regions: hq_regions_epoch_005.png
2025-11-10 09:58:05,104 - INFO - 
================================================================================
2025-11-10 09:58:05,104 - INFO - Epoch 6/100
2025-11-10 09:58:05,104 - INFO - ================================================================================
2025-11-10 10:01:23,600 - INFO - 
Epoch 6 Summary:
2025-11-10 10:01:23,600 - INFO -   Train Loss: 1.1652
2025-11-10 10:01:23,601 - INFO -   Train Accuracy: 0.9705
2025-11-10 10:01:23,601 - INFO -   Val Loss: 2.2505
2025-11-10 10:01:23,601 - INFO -   Val Accuracy: 0.9202
2025-11-10 10:01:23,601 - INFO -   📊 Latent Space Regularization:
2025-11-10 10:01:23,601 - INFO -      MMD Loss (LSBO-guided): 0.0048
2025-11-10 10:01:23,602 - INFO -      Wasserstein Loss (Energy): 0.1766
2025-11-10 10:01:23,602 - INFO -   🎯 LSBO Statistics:
2025-11-10 10:01:23,602 - INFO -      High-Quality Regions: 1000
2025-11-10 10:01:23,602 - INFO -      Average Latent Score: 0.8723
2025-11-10 10:01:23,602 - INFO -   ⏱️  Epoch Time: 198.49s
2025-11-10 10:01:23,602 - INFO - 
================================================================================
2025-11-10 10:01:23,602 - INFO - Epoch 7/100
2025-11-10 10:01:23,602 - INFO - ================================================================================
2025-11-10 10:04:39,986 - INFO - 
Epoch 7 Summary:
2025-11-10 10:04:39,986 - INFO -   Train Loss: 1.1483
2025-11-10 10:04:39,987 - INFO -   Train Accuracy: 0.9729
2025-11-10 10:04:39,987 - INFO -   Val Loss: 1.9259
2025-11-10 10:04:39,987 - INFO -   Val Accuracy: 0.9249
2025-11-10 10:04:39,987 - INFO -   📊 Latent Space Regularization:
2025-11-10 10:04:39,988 - INFO -      MMD Loss (LSBO-guided): 0.0040
2025-11-10 10:04:39,988 - INFO -      Wasserstein Loss (Energy): 0.1634
2025-11-10 10:04:39,988 - INFO -   🎯 LSBO Statistics:
2025-11-10 10:04:39,988 - INFO -      High-Quality Regions: 1000
2025-11-10 10:04:39,988 - INFO -      Average Latent Score: 0.8744
2025-11-10 10:04:39,988 - INFO -   ⏱️  Epoch Time: 196.38s
2025-11-10 10:04:39,988 - INFO - 
================================================================================
2025-11-10 10:04:39,988 - INFO - Epoch 8/100
2025-11-10 10:04:39,989 - INFO - ================================================================================
2025-11-10 10:07:51,590 - INFO - 
Epoch 8 Summary:
2025-11-10 10:07:51,590 - INFO -   Train Loss: 1.1259
2025-11-10 10:07:51,591 - INFO -   Train Accuracy: 0.9744
2025-11-10 10:07:51,591 - INFO -   Val Loss: 1.6751
2025-11-10 10:07:51,591 - INFO -   Val Accuracy: 0.9407
2025-11-10 10:07:51,591 - INFO -   📊 Latent Space Regularization:
2025-11-10 10:07:51,592 - INFO -      MMD Loss (LSBO-guided): 0.0031
2025-11-10 10:07:51,592 - INFO -      Wasserstein Loss (Energy): 0.1141
2025-11-10 10:07:51,592 - INFO -   🎯 LSBO Statistics:
2025-11-10 10:07:51,592 - INFO -      High-Quality Regions: 1000
2025-11-10 10:07:51,592 - INFO -      Average Latent Score: 0.8764
2025-11-10 10:07:51,592 - INFO -   ⏱️  Epoch Time: 191.60s
2025-11-10 10:07:51,728 - INFO -   ✅ Saved best model: lsbo_guided_training_results/checkpoints/best_model_epoch_008_acc_0.9407.keras
2025-11-10 10:07:51,729 - INFO - 
================================================================================
2025-11-10 10:07:51,729 - INFO - Epoch 9/100
2025-11-10 10:07:51,729 - INFO - ================================================================================
2025-11-10 10:11:07,538 - INFO - 
Epoch 9 Summary:
2025-11-10 10:11:07,539 - INFO -   Train Loss: 1.1185
2025-11-10 10:11:07,539 - INFO -   Train Accuracy: 0.9760
2025-11-10 10:11:07,539 - INFO -   Val Loss: 1.4621
2025-11-10 10:11:07,540 - INFO -   Val Accuracy: 0.9281
2025-11-10 10:11:07,540 - INFO -   📊 Latent Space Regularization:
2025-11-10 10:11:07,540 - INFO -      MMD Loss (LSBO-guided): 0.0030
2025-11-10 10:11:07,540 - INFO -      Wasserstein Loss (Energy): 0.1159
2025-11-10 10:11:07,540 - INFO -   🎯 LSBO Statistics:
2025-11-10 10:11:07,540 - INFO -      High-Quality Regions: 1000
2025-11-10 10:11:07,540 - INFO -      Average Latent Score: 0.8779
2025-11-10 10:11:07,540 - INFO -   ⏱️  Epoch Time: 195.81s
2025-11-10 10:11:07,541 - INFO - 
================================================================================
2025-11-10 10:11:07,541 - INFO - Epoch 10/100
2025-11-10 10:11:07,541 - INFO - ================================================================================
2025-11-10 10:14:21,597 - INFO - 
Epoch 10 Summary:
2025-11-10 10:14:21,597 - INFO -   Train Loss: 1.1059
2025-11-10 10:14:21,597 - INFO -   Train Accuracy: 0.9777
2025-11-10 10:14:21,598 - INFO -   Val Loss: 1.4331
2025-11-10 10:14:21,598 - INFO -   Val Accuracy: 0.9379
2025-11-10 10:14:21,598 - INFO -   📊 Latent Space Regularization:
2025-11-10 10:14:21,598 - INFO -      MMD Loss (LSBO-guided): 0.0028
2025-11-10 10:14:21,599 - INFO -      Wasserstein Loss (Energy): 0.1006
2025-11-10 10:14:21,599 - INFO -   🎯 LSBO Statistics:
2025-11-10 10:14:21,599 - INFO -      High-Quality Regions: 1000
2025-11-10 10:14:21,599 - INFO -      Average Latent Score: 0.8793
2025-11-10 10:14:21,599 - INFO -   ⏱️  Epoch Time: 194.05s
2025-11-10 10:14:21,599 - INFO -   📊 Creating visualizations...
2025-11-10 10:14:23,310 - INFO -      ✅ Training dashboard: training_dashboard_epoch_010.png
2025-11-10 10:14:23,310 - INFO -      🗺️  Visualizing latent space...
2025-11-10 10:14:26,550 - INFO -      ✅ Latent space: latent_space_epoch_010.png
2025-11-10 10:14:27,735 - INFO -      ✅ HQ regions: hq_regions_epoch_010.png
2025-11-10 10:14:27,882 - INFO -   💾 Saved checkpoint: lsbo_guided_training_results/checkpoints/checkpoint_epoch_010.keras
