2025-11-10 09:03:54,051 - INFO - Setting up GPU configuration...
2025-11-10 09:03:54,149 - INFO - GPU memory growth: True
2025-11-10 09:03:54,149 - INFO - Using float32
2025-11-10 09:03:54,149 - INFO - GPU configuration complete
2025-11-10 09:03:54,149 - INFO - 🚀 Initializing LSBO-guided components...
2025-11-10 09:03:54,149 - INFO - ✅ LSBO components initialized
2025-11-10 09:03:54,149 - INFO - Setting up data pipeline...
2025-11-10 09:03:54,149 - INFO - Using provided tokenizer
2025-11-10 09:03:54,150 - INFO - Using provided preprocessor
2025-11-10 09:03:54,150 - INFO - Creating training datasets...
2025-11-10 09:03:54,150 - INFO - Training data: /workspace/TWAE_AMP_Generation/data/raw/final_3_36_train.csv
2025-11-10 09:03:54,150 - INFO - Validation data: /workspace/TWAE_AMP_Generation/data/raw/final_3_36_validation.csv
2025-11-10 09:03:54,150 - INFO - Loading dataset from: /workspace/TWAE_AMP_Generation/data/raw/final_3_36_train.csv
2025-11-10 09:03:54,153 - INFO - CSV format validation passed for /workspace/TWAE_AMP_Generation/data/raw/final_3_36_train.csv
2025-11-10 09:03:54,169 - INFO - Loaded 63117 sequences from /workspace/TWAE_AMP_Generation/data/raw/final_3_36_train.csv
2025-11-10 09:03:54,169 - INFO - Validating and cleaning dataset...
2025-11-10 09:03:54,169 - INFO - Starting preprocessing of 63117 sequences...
2025-11-10 09:03:54,169 - INFO - Cleaning sequences...
2025-11-10 09:03:54,206 - INFO - Validating sequences...
2025-11-10 09:03:54,251 - INFO - Removing duplicate sequences...
2025-11-10 09:03:54,256 - INFO - Computing sequence properties...
2025-11-10 09:03:54,401 - INFO - Preprocessing complete. 38367 sequences remaining.
2025-11-10 09:03:54,402 - WARNING - Removed 24750 invalid sequences (39.2%)
2025-11-10 09:03:54,403 - INFO - Creating TensorFlow dataset with 38367 sequences
2025-11-10 09:03:54,403 - INFO - Pre-tokenizing all sequences...
2025-11-10 09:03:54,640 - INFO - Creating dataset from pre-tokenized data...
2025-11-10 09:03:54,818 - INFO - Creating batched dataset...
2025-11-10 09:03:54,883 - INFO - Dataset created successfully with batch size 64
2025-11-10 09:03:54,884 - INFO - Loading dataset from: /workspace/TWAE_AMP_Generation/data/raw/final_3_36_validation.csv
2025-11-10 09:03:54,886 - INFO - CSV format validation passed for /workspace/TWAE_AMP_Generation/data/raw/final_3_36_validation.csv
2025-11-10 09:03:54,890 - INFO - Loaded 11124 sequences from /workspace/TWAE_AMP_Generation/data/raw/final_3_36_validation.csv
2025-11-10 09:03:54,890 - INFO - Validating and cleaning dataset...
2025-11-10 09:03:54,890 - INFO - Starting preprocessing of 11124 sequences...
2025-11-10 09:03:54,890 - INFO - Cleaning sequences...
2025-11-10 09:03:54,897 - INFO - Validating sequences...
2025-11-10 09:03:54,906 - INFO - Removing duplicate sequences...
2025-11-10 09:03:54,907 - INFO - Computing sequence properties...
2025-11-10 09:03:54,948 - INFO - Preprocessing complete. 11124 sequences remaining.
2025-11-10 09:03:54,949 - INFO - Creating TensorFlow dataset with 11124 sequences
2025-11-10 09:03:54,949 - INFO - Pre-tokenizing all sequences...
2025-11-10 09:03:55,014 - INFO - Creating dataset from pre-tokenized data...
2025-11-10 09:03:55,017 - INFO - Creating batched dataset...
2025-11-10 09:03:55,033 - INFO - Dataset created successfully with batch size 128
2025-11-10 09:03:55,034 - INFO - Data pipeline setup complete
2025-11-10 09:03:55,034 - INFO - Setting up TWAE-MMD model with LSBO-guided sampling...
2025-11-10 09:03:55,417 - INFO - TWAE-MMD model setup complete
2025-11-10 09:03:55,419 - INFO - Model parameters: ~4,127,137
2025-11-10 09:03:55,419 - INFO - ✅ LSBO-guided sampling enabled in latent manager
2025-11-10 09:03:55,425 - INFO - ✅ LSBO-Guided TWAE-MMD Trainer initialized successfully
2025-11-10 09:03:55,425 - INFO - 🎯 KEY INNOVATION: No random Gaussian sampling!
2025-11-10 09:03:55,425 - INFO - 🎯 All latent samples target high-quality AMP regions
2025-11-10 09:03:55,425 - INFO - ================================================================================
2025-11-10 09:03:55,425 - INFO - 🚀 Starting LSBO-Guided Training
2025-11-10 09:03:55,425 - INFO - ================================================================================
2025-11-10 09:03:55,425 - INFO - ✨ KEY INNOVATION: No random Gaussian sampling!
2025-11-10 09:03:55,425 - INFO -    All latent samples target high-quality AMP regions
2025-11-10 09:03:55,425 - INFO - ================================================================================
2025-11-10 09:03:55,425 - INFO - 
================================================================================
2025-11-10 09:03:55,425 - INFO - Epoch 1/100
2025-11-10 09:03:55,425 - INFO - ================================================================================
