2025-11-10 09:24:31,970 - INFO - Setting up GPU configuration...
2025-11-10 09:24:32,125 - INFO - GPU memory growth: True
2025-11-10 09:24:32,125 - INFO - Using float32
2025-11-10 09:24:32,125 - INFO - GPU configuration complete
2025-11-10 09:24:32,125 - INFO - 🚀 Initializing LSBO-guided components...
2025-11-10 09:24:32,125 - INFO - ✅ LSBO components initialized
2025-11-10 09:24:32,126 - INFO - Setting up data pipeline...
2025-11-10 09:24:32,126 - INFO - Using provided tokenizer
2025-11-10 09:24:32,126 - INFO - Using provided preprocessor
2025-11-10 09:24:32,126 - INFO - Creating training datasets...
2025-11-10 09:24:32,126 - INFO - Training data: /workspace/TWAE_AMP_Generation/data/raw/final_3_36_train.csv
2025-11-10 09:24:32,126 - INFO - Validation data: /workspace/TWAE_AMP_Generation/data/raw/final_3_36_validation.csv
2025-11-10 09:24:32,126 - INFO - Loading dataset from: /workspace/TWAE_AMP_Generation/data/raw/final_3_36_train.csv
2025-11-10 09:24:32,129 - INFO - CSV format validation passed for /workspace/TWAE_AMP_Generation/data/raw/final_3_36_train.csv
2025-11-10 09:24:32,146 - INFO - Loaded 63117 sequences from /workspace/TWAE_AMP_Generation/data/raw/final_3_36_train.csv
2025-11-10 09:24:32,146 - INFO - Validating and cleaning dataset...
2025-11-10 09:24:32,146 - INFO - Starting preprocessing of 63117 sequences...
2025-11-10 09:24:32,146 - INFO - Cleaning sequences...
2025-11-10 09:24:32,184 - INFO - Validating sequences...
2025-11-10 09:24:32,229 - INFO - Removing duplicate sequences...
2025-11-10 09:24:32,233 - INFO - Computing sequence properties...
2025-11-10 09:24:32,374 - INFO - Preprocessing complete. 38367 sequences remaining.
2025-11-10 09:24:32,375 - WARNING - Removed 24750 invalid sequences (39.2%)
2025-11-10 09:24:32,376 - INFO - Creating TensorFlow dataset with 38367 sequences
2025-11-10 09:24:32,376 - INFO - Pre-tokenizing all sequences...
2025-11-10 09:24:32,621 - INFO - Creating dataset from pre-tokenized data...
2025-11-10 09:24:32,772 - INFO - Creating batched dataset...
2025-11-10 09:24:32,835 - INFO - Dataset created successfully with batch size 64
2025-11-10 09:24:32,836 - INFO - Loading dataset from: /workspace/TWAE_AMP_Generation/data/raw/final_3_36_validation.csv
2025-11-10 09:24:32,838 - INFO - CSV format validation passed for /workspace/TWAE_AMP_Generation/data/raw/final_3_36_validation.csv
2025-11-10 09:24:32,841 - INFO - Loaded 11124 sequences from /workspace/TWAE_AMP_Generation/data/raw/final_3_36_validation.csv
2025-11-10 09:24:32,841 - INFO - Validating and cleaning dataset...
2025-11-10 09:24:32,841 - INFO - Starting preprocessing of 11124 sequences...
2025-11-10 09:24:32,841 - INFO - Cleaning sequences...
2025-11-10 09:24:32,848 - INFO - Validating sequences...
2025-11-10 09:24:32,857 - INFO - Removing duplicate sequences...
2025-11-10 09:24:32,858 - INFO - Computing sequence properties...
2025-11-10 09:24:32,899 - INFO - Preprocessing complete. 11124 sequences remaining.
2025-11-10 09:24:32,899 - INFO - Creating TensorFlow dataset with 11124 sequences
2025-11-10 09:24:32,899 - INFO - Pre-tokenizing all sequences...
2025-11-10 09:24:32,968 - INFO - Creating dataset from pre-tokenized data...
2025-11-10 09:24:32,970 - INFO - Creating batched dataset...
2025-11-10 09:24:32,987 - INFO - Dataset created successfully with batch size 128
2025-11-10 09:24:32,987 - INFO - Data pipeline setup complete
2025-11-10 09:24:32,987 - INFO - Setting up TWAE-MMD model with LSBO-guided sampling...
2025-11-10 09:24:33,373 - INFO - TWAE-MMD model setup complete
2025-11-10 09:24:33,375 - INFO - Model parameters: ~4,127,137
2025-11-10 09:24:33,375 - INFO - ✅ LSBO-guided sampling enabled in latent manager
2025-11-10 09:24:33,384 - INFO - ✅ LSBO-Guided TWAE-MMD Trainer initialized successfully
2025-11-10 09:24:33,384 - INFO - 🎯 KEY INNOVATION: No random Gaussian sampling!
2025-11-10 09:24:33,384 - INFO - 🎯 All latent samples target high-quality AMP regions
2025-11-10 09:24:33,384 - INFO - ================================================================================
2025-11-10 09:24:33,384 - INFO - 🚀 Starting LSBO-Guided Training
2025-11-10 09:24:33,384 - INFO - ================================================================================
2025-11-10 09:24:33,384 - INFO - ✨ KEY INNOVATION: No random Gaussian sampling!
2025-11-10 09:24:33,384 - INFO -    All latent samples target high-quality AMP regions
2025-11-10 09:24:33,384 - INFO - ================================================================================
2025-11-10 09:24:33,384 - INFO - 
================================================================================
2025-11-10 09:24:33,384 - INFO - Epoch 1/100
2025-11-10 09:24:33,384 - INFO - ================================================================================
2025-11-10 09:28:00,930 - INFO - 
Epoch 1 Summary:
2025-11-10 09:28:00,930 - INFO -   Train Loss: 1.5793
2025-11-10 09:28:00,931 - INFO -   Train Accuracy: 0.9386
2025-11-10 09:28:00,931 - INFO -   Val Loss: 2.8650
2025-11-10 09:28:00,931 - INFO -   Val Accuracy: 0.9428
2025-11-10 09:28:00,932 - INFO -   📊 Latent Space Regularization:
2025-11-10 09:28:00,932 - INFO -      MMD Loss (LSBO-guided): 0.0353
2025-11-10 09:28:00,932 - INFO -      Wasserstein Loss (Energy): 1.0057
2025-11-10 09:28:00,932 - INFO -   🎯 LSBO Statistics:
2025-11-10 09:28:00,932 - INFO -      High-Quality Regions: 1000
2025-11-10 09:28:00,932 - INFO -      Average Latent Score: 0.8396
2025-11-10 09:28:00,932 - INFO -   ⏱️  Epoch Time: 207.54s
2025-11-10 09:28:01,075 - INFO -   ✅ Saved best model: lsbo_guided_training_results/checkpoints/best_model_epoch_001_acc_0.9428.keras
2025-11-10 09:28:01,075 - INFO - 
================================================================================
2025-11-10 09:28:01,075 - INFO - Epoch 2/100
2025-11-10 09:28:01,075 - INFO - ================================================================================
2025-11-10 09:31:20,458 - INFO - 
Epoch 2 Summary:
2025-11-10 09:31:20,458 - INFO -   Train Loss: 1.4009
2025-11-10 09:31:20,459 - INFO -   Train Accuracy: 0.9590
2025-11-10 09:31:20,459 - INFO -   Val Loss: 2.4902
2025-11-10 09:31:20,459 - INFO -   Val Accuracy: 0.9476
2025-11-10 09:31:20,459 - INFO -   📊 Latent Space Regularization:
2025-11-10 09:31:20,460 - INFO -      MMD Loss (LSBO-guided): 0.0186
2025-11-10 09:31:20,460 - INFO -      Wasserstein Loss (Energy): 0.8380
2025-11-10 09:31:20,460 - INFO -   🎯 LSBO Statistics:
2025-11-10 09:31:20,460 - INFO -      High-Quality Regions: 1000
2025-11-10 09:31:20,460 - INFO -      Average Latent Score: 0.8555
2025-11-10 09:31:20,460 - INFO -   ⏱️  Epoch Time: 199.38s
2025-11-10 09:31:20,595 - INFO -   ✅ Saved best model: lsbo_guided_training_results/checkpoints/best_model_epoch_002_acc_0.9476.keras
2025-11-10 09:31:20,595 - INFO - 
================================================================================
2025-11-10 09:31:20,595 - INFO - Epoch 3/100
2025-11-10 09:31:20,595 - INFO - ================================================================================
2025-11-10 09:34:50,969 - INFO - 
Epoch 3 Summary:
2025-11-10 09:34:50,970 - INFO -   Train Loss: 1.3934
2025-11-10 09:34:50,970 - INFO -   Train Accuracy: 0.9640
2025-11-10 09:34:50,971 - INFO -   Val Loss: 1.9124
2025-11-10 09:34:50,971 - INFO -   Val Accuracy: 0.9436
2025-11-10 09:34:50,971 - INFO -   📊 Latent Space Regularization:
2025-11-10 09:34:50,971 - INFO -      MMD Loss (LSBO-guided): 0.0185
2025-11-10 09:34:50,972 - INFO -      Wasserstein Loss (Energy): 0.8978
2025-11-10 09:34:50,972 - INFO -   🎯 LSBO Statistics:
2025-11-10 09:34:50,972 - INFO -      High-Quality Regions: 1000
2025-11-10 09:34:50,972 - INFO -      Average Latent Score: 0.8631
2025-11-10 09:34:50,972 - INFO -   ⏱️  Epoch Time: 210.37s
2025-11-10 09:34:50,972 - INFO - 
================================================================================
2025-11-10 09:34:50,972 - INFO - Epoch 4/100
2025-11-10 09:34:50,972 - INFO - ================================================================================
2025-11-10 09:38:17,005 - INFO - 
Epoch 4 Summary:
2025-11-10 09:38:17,005 - INFO -   Train Loss: 1.3325
2025-11-10 09:38:17,006 - INFO -   Train Accuracy: 0.9693
2025-11-10 09:38:17,006 - INFO -   Val Loss: 1.8747
2025-11-10 09:38:17,007 - INFO -   Val Accuracy: 0.9496
2025-11-10 09:38:17,007 - INFO -   📊 Latent Space Regularization:
2025-11-10 09:38:17,007 - INFO -      MMD Loss (LSBO-guided): 0.0145
2025-11-10 09:38:17,008 - INFO -      Wasserstein Loss (Energy): 0.7415
2025-11-10 09:38:17,008 - INFO -   🎯 LSBO Statistics:
2025-11-10 09:38:17,008 - INFO -      High-Quality Regions: 1000
2025-11-10 09:38:17,008 - INFO -      Average Latent Score: 0.8678
2025-11-10 09:38:17,008 - INFO -   ⏱️  Epoch Time: 206.03s
2025-11-10 09:38:17,148 - INFO -   ✅ Saved best model: lsbo_guided_training_results/checkpoints/best_model_epoch_004_acc_0.9496.keras
2025-11-10 09:38:17,148 - INFO - 
================================================================================
2025-11-10 09:38:17,148 - INFO - Epoch 5/100
2025-11-10 09:38:17,148 - INFO - ================================================================================
