2025-11-18 07:50:14,803 - INFO - 
================================================================================
2025-11-18 07:50:14,803 - INFO - 🔄 LOADING MODEL FROM H5 FORMAT
2025-11-18 07:50:14,803 - INFO - ================================================================================

2025-11-18 07:50:14,803 - INFO - 📁 Weights: lsbo_guided_training_results/checkpoints/best_model_epoch_096_acc_0.9670.h5
2025-11-18 07:50:14,803 - INFO - 📁 LSBO Sampler: lsbo_guided_training_results/checkpoints/best_model_epoch_096_acc_0.9670_lsbo_sampler.pkl
2025-11-18 07:50:14,803 - INFO - 📁 Config: lsbo_guided_training_results/checkpoints/best_model_epoch_096_acc_0.9670_config.json

2025-11-18 07:50:14,803 - INFO - 🔧 Step 1: Loading model config...
2025-11-18 07:50:14,803 - INFO - ✅ Config loaded: high_accuracy

2025-11-18 07:50:14,803 - INFO - 🔧 Step 2: Creating model architecture...
2025-11-18 07:50:15,353 - INFO - ✅ Model architecture created

2025-11-18 07:50:15,353 - INFO - 🔧 Step 3: Building model graph...
2025-11-18 07:50:15,410 - INFO - ✅ Model graph built

2025-11-18 07:50:15,410 - INFO - 🔧 Step 4: Loading weights from .h5 file...
2025-11-18 07:50:15,413 - WARNING - ⚠️  Layer mismatch detected: Layer count mismatch when loading weights from file. Model expected 4 layers, found 3 saved layers....
2025-11-18 07:50:15,413 - INFO -    Trying flexible loading (by_name=True, skip_mismatch=True)...
2025-11-18 07:50:15,455 - INFO - ✅ Weights loaded successfully (flexible matching)!

2025-11-18 07:50:15,455 - INFO - 🔧 Step 5: Loading LSBO sampler with HQ regions...
2025-11-18 07:50:15,456 - INFO - ✅ LSBO sampler loaded with 1000 HQ regions!

2025-11-18 07:50:15,457 - INFO - Setting up tokenizer...
2025-11-18 07:50:15,457 - INFO - ✅ Tokenizer ready
2025-11-18 07:50:15,457 - INFO - Setting up NEURAL ImprovedAMPScorer (same as training)...
2025-11-18 07:50:15,457 - INFO - ✅ Neural scorer ready
2025-11-18 07:50:15,457 - INFO - ✅ Constraints ready
2025-11-18 07:50:15,457 - INFO - ================================================================================
2025-11-18 07:50:15,457 - INFO - 🧬 GENERATING AMPs WITH NEURAL SCORER
2025-11-18 07:50:15,457 - INFO - ================================================================================

2025-11-18 07:50:15,457 - INFO - 🎯 Target: 1000 AMPs
2025-11-18 07:50:15,457 - INFO - 🌡  Temperature: 0.8
2025-11-18 07:50:15,457 - INFO - 📊 Min Overall Score: 0.8 (sAMPpred-GAT threshold)
2025-11-18 07:50:15,457 - INFO - 📊 Min Membrane Score: 0.8

2025-11-18 07:50:15,457 - INFO - ✅ Using 1000 LSBO high-quality regions for sampling
2025-11-18 07:50:15,457 - INFO -    LSBO mean score: 0.8965 (training quality)

2025-11-18 07:50:16,102 - ERROR - Error in neural scoring: The truth value of an array with more than one element is ambiguous. Use a.any() or a.all()
2025-11-18 07:50:16,847 - ERROR - Error in neural scoring: The truth value of an array with more than one element is ambiguous. Use a.any() or a.all()
2025-11-18 07:50:16,915 - ERROR - Error in neural scoring: The truth value of an array with more than one element is ambiguous. Use a.any() or a.all()
2025-11-18 07:50:16,984 - ERROR - Error in neural scoring: The truth value of an array with more than one element is ambiguous. Use a.any() or a.all()
2025-11-18 07:50:18,273 - ERROR - Error in neural scoring: The truth value of an array with more than one element is ambiguous. Use a.any() or a.all()
2025-11-18 07:50:19,282 - ERROR - Error in neural scoring: The truth value of an array with more than one element is ambiguous. Use a.any() or a.all()
2025-11-18 07:50:19,351 - ERROR - Error in neural scoring: The truth value of an array with more than one element is ambiguous. Use a.any() or a.all()
2025-11-18 07:50:19,487 - ERROR - Error in neural scoring: The truth value of an array with more than one element is ambiguous. Use a.any() or a.all()
2025-11-18 07:50:19,555 - ERROR - Error in neural scoring: The truth value of an array with more than one element is ambiguous. Use a.any() or a.all()
2025-11-18 07:50:20,711 - ERROR - Error in neural scoring: The truth value of an array with more than one element is ambiguous. Use a.any() or a.all()
2025-11-18 07:50:21,254 - ERROR - Error in neural scoring: The truth value of an array with more than one element is ambiguous. Use a.any() or a.all()
2025-11-18 07:50:21,459 - ERROR - Error in neural scoring: The truth value of an array with more than one element is ambiguous. Use a.any() or a.all()
2025-11-18 07:50:21,729 - ERROR - Error in neural scoring: The truth value of an array with more than one element is ambiguous. Use a.any() or a.all()
2025-11-18 07:50:21,797 - ERROR - Error in neural scoring: The truth value of an array with more than one element is ambiguous. Use a.any() or a.all()
2025-11-18 07:50:21,867 - ERROR - Error in neural scoring: The truth value of an array with more than one element is ambiguous. Use a.any() or a.all()
2025-11-18 07:50:22,102 - ERROR - Error in neural scoring: The truth value of an array with more than one element is ambiguous. Use a.any() or a.all()
2025-11-18 07:50:22,652 - ERROR - Error in neural scoring: The truth value of an array with more than one element is ambiguous. Use a.any() or a.all()
2025-11-18 07:50:22,855 - ERROR - Error in neural scoring: The truth value of an array with more than one element is ambiguous. Use a.any() or a.all()
2025-11-18 07:50:23,876 - ERROR - Error in neural scoring: The truth value of an array with more than one element is ambiguous. Use a.any() or a.all()
2025-11-18 07:50:24,084 - ERROR - Error in neural scoring: The truth value of an array with more than one element is ambiguous. Use a.any() or a.all()
2025-11-18 07:50:24,630 - ERROR - Error in neural scoring: The truth value of an array with more than one element is ambiguous. Use a.any() or a.all()
2025-11-18 07:50:25,179 - ERROR - Error in neural scoring: The truth value of an array with more than one element is ambiguous. Use a.any() or a.all()
2025-11-18 07:50:25,795 - ERROR - Error in neural scoring: The truth value of an array with more than one element is ambiguous. Use a.any() or a.all()
2025-11-18 07:50:26,540 - ERROR - Error in neural scoring: The truth value of an array with more than one element is ambiguous. Use a.any() or a.all()
2025-11-18 07:50:26,810 - ERROR - Error in neural scoring: The truth value of an array with more than one element is ambiguous. Use a.any() or a.all()
2025-11-18 07:50:26,948 - ERROR - Error in neural scoring: The truth value of an array with more than one element is ambiguous. Use a.any() or a.all()
2025-11-18 07:50:27,017 - ERROR - Error in neural scoring: The truth value of an array with more than one element is ambiguous. Use a.any() or a.all()
2025-11-18 07:50:27,981 - ERROR - Error in neural scoring: The truth value of an array with more than one element is ambiguous. Use a.any() or a.all()
2025-11-18 07:50:28,656 - ERROR - Error in neural scoring: The truth value of an array with more than one element is ambiguous. Use a.any() or a.all()
2025-11-18 07:50:28,724 - ERROR - Error in neural scoring: The truth value of an array with more than one element is ambiguous. Use a.any() or a.all()
2025-11-18 07:50:28,792 - ERROR - Error in neural scoring: The truth value of an array with more than one element is ambiguous. Use a.any() or a.all()
2025-11-18 07:50:29,132 - ERROR - Error in neural scoring: The truth value of an array with more than one element is ambiguous. Use a.any() or a.all()
2025-11-18 07:50:31,299 - ERROR - Error in neural scoring: The truth value of an array with more than one element is ambiguous. Use a.any() or a.all()
2025-11-18 07:50:32,379 - ERROR - Error in neural scoring: The truth value of an array with more than one element is ambiguous. Use a.any() or a.all()
2025-11-18 07:50:32,585 - ERROR - Error in neural scoring: The truth value of an array with more than one element is ambiguous. Use a.any() or a.all()
2025-11-18 07:50:32,856 - ERROR - Error in neural scoring: The truth value of an array with more than one element is ambiguous. Use a.any() or a.all()
2025-11-18 07:50:33,564 - ERROR - Error in neural scoring: The truth value of an array with more than one element is ambiguous. Use a.any() or a.all()
2025-11-18 07:50:34,764 - ERROR - Error in neural scoring: The truth value of an array with more than one element is ambiguous. Use a.any() or a.all()
2025-11-18 07:50:35,115 - ERROR - Error in neural scoring: The truth value of an array with more than one element is ambiguous. Use a.any() or a.all()
2025-11-18 07:50:35,184 - ERROR - Error in neural scoring: The truth value of an array with more than one element is ambiguous. Use a.any() or a.all()
2025-11-18 07:50:35,322 - ERROR - Error in neural scoring: The truth value of an array with more than one element is ambiguous. Use a.any() or a.all()
2025-11-18 07:50:35,995 - ERROR - Error in neural scoring: The truth value of an array with more than one element is ambiguous. Use a.any() or a.all()
2025-11-18 07:50:36,804 - ERROR - Error in neural scoring: The truth value of an array with more than one element is ambiguous. Use a.any() or a.all()
2025-11-18 07:50:37,505 - ERROR - Error in neural scoring: The truth value of an array with more than one element is ambiguous. Use a.any() or a.all()
2025-11-18 07:50:38,392 - ERROR - Error in neural scoring: The truth value of an array with more than one element is ambiguous. Use a.any() or a.all()
2025-11-18 07:50:38,533 - ERROR - Error in neural scoring: The truth value of an array with more than one element is ambiguous. Use a.any() or a.all()
2025-11-18 07:50:38,802 - ERROR - Error in neural scoring: The truth value of an array with more than one element is ambiguous. Use a.any() or a.all()
2025-11-18 07:50:39,551 - ERROR - Error in neural scoring: The truth value of an array with more than one element is ambiguous. Use a.any() or a.all()
2025-11-18 07:50:40,511 - ERROR - Error in neural scoring: The truth value of an array with more than one element is ambiguous. Use a.any() or a.all()
2025-11-18 07:50:40,648 - ERROR - Error in neural scoring: The truth value of an array with more than one element is ambiguous. Use a.any() or a.all()
2025-11-18 07:50:40,717 - ERROR - Error in neural scoring: The truth value of an array with more than one element is ambiguous. Use a.any() or a.all()
2025-11-18 07:50:41,138 - ERROR - Error in neural scoring: The truth value of an array with more than one element is ambiguous. Use a.any() or a.all()
2025-11-18 07:50:41,966 - ERROR - Error in neural scoring: The truth value of an array with more than one element is ambiguous. Use a.any() or a.all()
2025-11-18 07:50:43,585 - ERROR - Error in neural scoring: The truth value of an array with more than one element is ambiguous. Use a.any() or a.all()
2025-11-18 07:50:44,015 - ERROR - Error in neural scoring: The truth value of an array with more than one element is ambiguous. Use a.any() or a.all()
2025-11-18 07:50:44,234 - ERROR - Error in neural scoring: The truth value of an array with more than one element is ambiguous. Use a.any() or a.all()
2025-11-18 07:50:44,887 - ERROR - Error in neural scoring: The truth value of an array with more than one element is ambiguous. Use a.any() or a.all()
2025-11-18 07:50:45,248 - ERROR - Error in neural scoring: The truth value of an array with more than one element is ambiguous. Use a.any() or a.all()
2025-11-18 07:50:46,253 - ERROR - Error in neural scoring: The truth value of an array with more than one element is ambiguous. Use a.any() or a.all()
2025-11-18 07:50:46,325 - ERROR - Error in neural scoring: The truth value of an array with more than one element is ambiguous. Use a.any() or a.all()
2025-11-18 07:50:46,397 - ERROR - Error in neural scoring: The truth value of an array with more than one element is ambiguous. Use a.any() or a.all()
2025-11-18 07:50:47,381 - ERROR - Error in neural scoring: The truth value of an array with more than one element is ambiguous. Use a.any() or a.all()
2025-11-18 07:50:47,740 - ERROR - Error in neural scoring: The truth value of an array with more than one element is ambiguous. Use a.any() or a.all()
2025-11-18 07:50:47,959 - ERROR - Error in neural scoring: The truth value of an array with more than one element is ambiguous. Use a.any() or a.all()
2025-11-18 07:50:48,173 - ERROR - Error in neural scoring: The truth value of an array with more than one element is ambiguous. Use a.any() or a.all()
2025-11-18 07:50:48,244 - ERROR - Error in neural scoring: The truth value of an array with more than one element is ambiguous. Use a.any() or a.all()
2025-11-18 07:50:48,458 - ERROR - Error in neural scoring: The truth value of an array with more than one element is ambiguous. Use a.any() or a.all()
2025-11-18 07:50:49,028 - ERROR - Error in neural scoring: The truth value of an array with more than one element is ambiguous. Use a.any() or a.all()
2025-11-18 07:50:49,100 - ERROR - Error in neural scoring: The truth value of an array with more than one element is ambiguous. Use a.any() or a.all()
2025-11-18 07:50:49,173 - ERROR - Error in neural scoring: The truth value of an array with more than one element is ambiguous. Use a.any() or a.all()
2025-11-18 07:50:50,909 - ERROR - Error in neural scoring: The truth value of an array with more than one element is ambiguous. Use a.any() or a.all()
2025-11-18 07:50:52,183 - ERROR - Error in neural scoring: The truth value of an array with more than one element is ambiguous. Use a.any() or a.all()
