2025-11-11 16:58:46,047 - INFO - Setting up GPU configuration...
2025-11-11 16:58:46,151 - INFO - GPU memory growth: True
2025-11-11 16:58:46,151 - INFO - Using float32
2025-11-11 16:58:46,152 - INFO - GPU configuration complete
2025-11-11 16:58:46,152 - INFO - 🚀 Initializing LSBO-guided components...
2025-11-11 16:58:46,152 - INFO - ✅ LSBO components initialized
2025-11-11 16:58:46,152 - INFO - Setting up data pipeline...
2025-11-11 16:58:46,152 - INFO - Using provided tokenizer
2025-11-11 16:58:46,152 - INFO - Using provided preprocessor
2025-11-11 16:58:46,152 - INFO - Creating training datasets...
2025-11-11 16:58:46,152 - INFO - Training data: /workspace/TWAE_AMP_Generation/data/raw/final_3_36_train.csv
2025-11-11 16:58:46,152 - INFO - Validation data: /workspace/TWAE_AMP_Generation/data/raw/final_3_36_validation.csv
2025-11-11 16:58:46,152 - INFO - Loading dataset from: /workspace/TWAE_AMP_Generation/data/raw/final_3_36_train.csv
2025-11-11 16:58:46,155 - INFO - CSV format validation passed for /workspace/TWAE_AMP_Generation/data/raw/final_3_36_train.csv
2025-11-11 16:58:46,180 - INFO - Loaded 63820 sequences from /workspace/TWAE_AMP_Generation/data/raw/final_3_36_train.csv
2025-11-11 16:58:46,180 - INFO - Validating and cleaning dataset...
2025-11-11 16:58:46,180 - INFO - Starting preprocessing of 63820 sequences...
2025-11-11 16:58:46,181 - INFO - Cleaning sequences...
2025-11-11 16:58:46,221 - INFO - Validating sequences...
2025-11-11 16:58:46,285 - INFO - Removing duplicate sequences...
2025-11-11 16:58:46,289 - INFO - Computing sequence properties...
2025-11-11 16:58:46,526 - INFO - Preprocessing complete. 63817 sequences remaining.
2025-11-11 16:58:46,528 - WARNING - Removed 3 invalid sequences (0.0%)
2025-11-11 16:58:46,529 - INFO - Creating TensorFlow dataset with 63817 sequences
2025-11-11 16:58:46,529 - INFO - Pre-tokenizing all sequences...
2025-11-11 16:58:46,946 - INFO - Creating dataset from pre-tokenized data...
2025-11-11 16:58:47,115 - INFO - Creating batched dataset...
2025-11-11 16:58:47,186 - INFO - Dataset created successfully with batch size 64
2025-11-11 16:58:47,187 - INFO - Loading dataset from: /workspace/TWAE_AMP_Generation/data/raw/final_3_36_validation.csv
2025-11-11 16:58:47,188 - INFO - CSV format validation passed for /workspace/TWAE_AMP_Generation/data/raw/final_3_36_validation.csv
2025-11-11 16:58:47,192 - INFO - Loaded 11400 sequences from /workspace/TWAE_AMP_Generation/data/raw/final_3_36_validation.csv
2025-11-11 16:58:47,192 - INFO - Validating and cleaning dataset...
2025-11-11 16:58:47,192 - INFO - Starting preprocessing of 11400 sequences...
2025-11-11 16:58:47,192 - INFO - Cleaning sequences...
2025-11-11 16:58:47,199 - INFO - Validating sequences...
2025-11-11 16:58:47,210 - INFO - Removing duplicate sequences...
2025-11-11 16:58:47,211 - INFO - Computing sequence properties...
2025-11-11 16:58:47,254 - INFO - Preprocessing complete. 11400 sequences remaining.
2025-11-11 16:58:47,255 - INFO - Creating TensorFlow dataset with 11400 sequences
2025-11-11 16:58:47,255 - INFO - Pre-tokenizing all sequences...
2025-11-11 16:58:47,322 - INFO - Creating dataset from pre-tokenized data...
2025-11-11 16:58:47,324 - INFO - Creating batched dataset...
2025-11-11 16:58:47,340 - INFO - Dataset created successfully with batch size 128
2025-11-11 16:58:47,341 - INFO - Data pipeline setup complete
2025-11-11 16:58:47,341 - INFO - Setting up TWAE-MMD model with LSBO-guided sampling...
2025-11-11 16:58:47,700 - INFO - TWAE-MMD model setup complete
2025-11-11 16:58:47,702 - INFO - Model parameters: ~4,127,137
2025-11-11 16:58:47,702 - INFO - ✅ LSBO-guided sampling enabled in latent manager
2025-11-11 16:58:47,712 - INFO - ✅ LSBO-Guided TWAE-MMD Trainer initialized successfully
2025-11-11 16:58:47,712 - INFO - 🎯 KEY INNOVATION: No random Gaussian sampling!
2025-11-11 16:58:47,712 - INFO - 🎯 All latent samples target high-quality AMP regions
2025-11-11 16:58:47,712 - INFO - ================================================================================
2025-11-11 16:58:47,712 - INFO - 🚀 Starting LSBO-Guided Training
2025-11-11 16:58:47,712 - INFO - ================================================================================
2025-11-11 16:58:47,712 - INFO - ✨ KEY INNOVATION: No random Gaussian sampling!
2025-11-11 16:58:47,712 - INFO -    All latent samples target high-quality AMP regions
2025-11-11 16:58:47,713 - INFO - ================================================================================
2025-11-11 16:58:47,713 - INFO - 
================================================================================
2025-11-11 16:58:47,713 - INFO - Epoch 1/100
2025-11-11 16:58:47,713 - INFO - ================================================================================
2025-11-11 17:04:22,059 - INFO - 
Epoch 1 Summary:
2025-11-11 17:04:22,059 - INFO -   Total Loss: 1.9797
2025-11-11 17:04:22,060 - INFO -   🎯 Task Losses:
2025-11-11 17:04:22,060 - INFO -      Classification Loss: 0.4856
2025-11-11 17:04:22,060 - INFO -      Reconstruction Loss: 2.5526
2025-11-11 17:04:22,060 - INFO -   🎯 Performance:
2025-11-11 17:04:22,060 - INFO -      Train Accuracy: 0.8699
2025-11-11 17:04:22,061 - INFO -      Val Accuracy: 0.9209
2025-11-11 17:04:22,061 - INFO -      Val Loss: 2.7144
2025-11-11 17:04:22,061 - INFO -   📊 Latent Space Regularization:
2025-11-11 17:04:22,061 - INFO -      MMD Loss (LSBO-guided): 0.0480
2025-11-11 17:04:22,062 - INFO -      Wasserstein Loss (Energy): 1.8250
2025-11-11 17:04:22,062 - INFO -   🎯 LSBO Statistics:
2025-11-11 17:04:22,062 - INFO -      High-Quality Regions: 1000
2025-11-11 17:04:22,062 - INFO -      Average Latent Score: 0.8507
2025-11-11 17:04:22,062 - INFO -   ⏱️  Epoch Time: 334.34s
2025-11-11 17:04:22,114 - INFO -   ✅ Saved model weights: lsbo_guided_training_results/checkpoints/best_model_epoch_001_acc_0.9209.h5
2025-11-11 17:04:22,117 - INFO -   ✅ Saved LSBO sampler: lsbo_guided_training_results/checkpoints/best_model_epoch_001_acc_0.9209_lsbo_sampler.pkl
2025-11-11 17:04:22,118 - INFO -   ✅ Saved model config: lsbo_guided_training_results/checkpoints/best_model_epoch_001_acc_0.9209_config.json
2025-11-11 17:04:22,118 - INFO -   📊 Creating visualizations...
2025-11-11 17:04:23,793 - INFO -      ✅ Training dashboard: training_dashboard_epoch_001.png
2025-11-11 17:04:23,793 - INFO -      🗺️  Visualizing latent space...
2025-11-11 17:04:27,706 - INFO -      ✅ Latent space: latent_space_epoch_001.png
2025-11-11 17:04:28,758 - INFO -      ✅ HQ regions: hq_regions_epoch_001.png
2025-11-11 17:04:28,759 - INFO - 
================================================================================
2025-11-11 17:04:28,759 - INFO - Epoch 2/100
2025-11-11 17:04:28,759 - INFO - ================================================================================
