2025-11-11 17:40:01,468 - INFO - Setting up GPU configuration...
2025-11-11 17:40:01,566 - INFO - GPU memory growth: True
2025-11-11 17:40:01,566 - INFO - Using float32
2025-11-11 17:40:01,566 - INFO - GPU configuration complete
2025-11-11 17:40:01,566 - INFO - 🚀 Initializing LSBO-guided components...
2025-11-11 17:40:01,566 - INFO - ✅ LSBO components initialized
2025-11-11 17:40:01,566 - INFO - Setting up data pipeline...
2025-11-11 17:40:01,566 - INFO - Using provided tokenizer
2025-11-11 17:40:01,566 - INFO - Using provided preprocessor
2025-11-11 17:40:01,566 - INFO - Creating training datasets...
2025-11-11 17:40:01,566 - INFO - Training data: /workspace/TWAE_AMP_Generation/data/raw/final_3_36_train.csv
2025-11-11 17:40:01,567 - INFO - Validation data: /workspace/TWAE_AMP_Generation/data/raw/final_3_36_validation.csv
2025-11-11 17:40:01,567 - INFO - Loading dataset from: /workspace/TWAE_AMP_Generation/data/raw/final_3_36_train.csv
2025-11-11 17:40:01,570 - INFO - CSV format validation passed for /workspace/TWAE_AMP_Generation/data/raw/final_3_36_train.csv
2025-11-11 17:40:01,584 - INFO - Loaded 39148 sequences from /workspace/TWAE_AMP_Generation/data/raw/final_3_36_train.csv
2025-11-11 17:40:01,585 - INFO - Validating and cleaning dataset...
2025-11-11 17:40:01,585 - INFO - Starting preprocessing of 39148 sequences...
2025-11-11 17:40:01,585 - INFO - Cleaning sequences...
2025-11-11 17:40:01,610 - INFO - Validating sequences...
2025-11-11 17:40:01,647 - INFO - Removing duplicate sequences...
2025-11-11 17:40:01,650 - INFO - Computing sequence properties...
2025-11-11 17:40:01,791 - INFO - Preprocessing complete. 39148 sequences remaining.
2025-11-11 17:40:01,794 - INFO - Creating TensorFlow dataset with 39148 sequences
2025-11-11 17:40:01,794 - INFO - Pre-tokenizing all sequences...
2025-11-11 17:40:02,038 - INFO - Creating dataset from pre-tokenized data...
2025-11-11 17:40:02,212 - INFO - Creating batched dataset...
2025-11-11 17:40:02,278 - INFO - Dataset created successfully with batch size 64
2025-11-11 17:40:02,279 - INFO - Loading dataset from: /workspace/TWAE_AMP_Generation/data/raw/final_3_36_validation.csv
2025-11-11 17:40:02,280 - INFO - CSV format validation passed for /workspace/TWAE_AMP_Generation/data/raw/final_3_36_validation.csv
2025-11-11 17:40:02,284 - INFO - Loaded 11160 sequences from /workspace/TWAE_AMP_Generation/data/raw/final_3_36_validation.csv
2025-11-11 17:40:02,284 - INFO - Validating and cleaning dataset...
2025-11-11 17:40:02,284 - INFO - Starting preprocessing of 11160 sequences...
2025-11-11 17:40:02,284 - INFO - Cleaning sequences...
2025-11-11 17:40:02,292 - INFO - Validating sequences...
2025-11-11 17:40:02,302 - INFO - Removing duplicate sequences...
2025-11-11 17:40:02,302 - INFO - Computing sequence properties...
2025-11-11 17:40:02,346 - INFO - Preprocessing complete. 11160 sequences remaining.
2025-11-11 17:40:02,346 - INFO - Creating TensorFlow dataset with 11160 sequences
2025-11-11 17:40:02,346 - INFO - Pre-tokenizing all sequences...
2025-11-11 17:40:02,413 - INFO - Creating dataset from pre-tokenized data...
2025-11-11 17:40:02,415 - INFO - Creating batched dataset...
2025-11-11 17:40:02,432 - INFO - Dataset created successfully with batch size 128
2025-11-11 17:40:02,432 - INFO - Data pipeline setup complete
2025-11-11 17:40:02,432 - INFO - Setting up TWAE-MMD model with LSBO-guided sampling...
2025-11-11 17:40:02,814 - INFO - TWAE-MMD model setup complete
2025-11-11 17:40:02,816 - INFO - Model parameters: ~4,127,137
2025-11-11 17:40:02,816 - INFO - ✅ LSBO-guided sampling enabled in latent manager
2025-11-11 17:40:02,828 - INFO - ✅ LSBO-Guided TWAE-MMD Trainer initialized successfully
2025-11-11 17:40:02,828 - INFO - 🎯 KEY INNOVATION: No random Gaussian sampling!
2025-11-11 17:40:02,828 - INFO - 🎯 All latent samples target high-quality AMP regions
2025-11-11 17:40:02,828 - INFO - ================================================================================
2025-11-11 17:40:02,828 - INFO - 🚀 Starting LSBO-Guided Training
2025-11-11 17:40:02,828 - INFO - ================================================================================
2025-11-11 17:40:02,828 - INFO - ✨ KEY INNOVATION: No random Gaussian sampling!
2025-11-11 17:40:02,828 - INFO -    All latent samples target high-quality AMP regions
2025-11-11 17:40:02,828 - INFO - ================================================================================
2025-11-11 17:40:02,828 - INFO - 
================================================================================
2025-11-11 17:40:02,828 - INFO - Epoch 1/100
2025-11-11 17:40:02,828 - INFO - ================================================================================
2025-11-11 17:43:30,275 - INFO - 
Epoch 1 Summary:
2025-11-11 17:43:30,275 - INFO -   Total Loss: 1.8144
2025-11-11 17:43:30,275 - INFO -   🎯 Task Losses:
2025-11-11 17:43:30,275 - INFO -      Classification Loss: 0.4007
2025-11-11 17:43:30,276 - INFO -      Reconstruction Loss: 2.4391
2025-11-11 17:43:30,276 - INFO -   🎯 Performance:
2025-11-11 17:43:30,276 - INFO -      Train Accuracy: 0.9086
2025-11-11 17:43:30,277 - INFO -      Val Accuracy: 0.9384
2025-11-11 17:43:30,277 - INFO -      Val Loss: 2.7790
2025-11-11 17:43:30,277 - INFO -   📊 Latent Space Regularization:
2025-11-11 17:43:30,277 - INFO -      MMD Loss (LSBO-guided): 0.0507
2025-11-11 17:43:30,278 - INFO -      Wasserstein Loss (Energy): 1.6813
2025-11-11 17:43:30,278 - INFO -   🎯 LSBO Statistics:
2025-11-11 17:43:30,278 - INFO -      High-Quality Regions: 1000
2025-11-11 17:43:30,278 - INFO -      Average Latent Score: 0.8391
2025-11-11 17:43:30,278 - INFO -   ⏱️  Epoch Time: 207.44s
2025-11-11 17:43:30,328 - INFO -   ✅ Saved model weights: lsbo_guided_training_results/checkpoints/best_model_epoch_001_acc_0.9384.h5
2025-11-11 17:43:30,331 - INFO -   ✅ Saved LSBO sampler: lsbo_guided_training_results/checkpoints/best_model_epoch_001_acc_0.9384_lsbo_sampler.pkl
2025-11-11 17:43:30,332 - INFO -   ✅ Saved model config: lsbo_guided_training_results/checkpoints/best_model_epoch_001_acc_0.9384_config.json
2025-11-11 17:43:30,332 - INFO -   📊 Creating visualizations...
2025-11-11 17:43:31,966 - INFO -      ✅ Training dashboard: training_dashboard_epoch_001.png
2025-11-11 17:43:31,966 - INFO -      🗺️  Visualizing latent space...
2025-11-11 17:43:35,735 - INFO -      ✅ Latent space: latent_space_epoch_001.png
2025-11-11 17:43:36,822 - INFO -      ✅ HQ regions: hq_regions_epoch_001.png
2025-11-11 17:43:36,822 - INFO - 
================================================================================
2025-11-11 17:43:36,822 - INFO - Epoch 2/100
2025-11-11 17:43:36,822 - INFO - ================================================================================
2025-11-11 17:46:58,648 - INFO - 
Epoch 2 Summary:
2025-11-11 17:46:58,648 - INFO -   Total Loss: 1.4328
2025-11-11 17:46:58,648 - INFO -   🎯 Task Losses:
2025-11-11 17:46:58,648 - INFO -      Classification Loss: 0.2897
2025-11-11 17:46:58,649 - INFO -      Reconstruction Loss: 2.3023
2025-11-11 17:46:58,649 - INFO -   🎯 Performance:
2025-11-11 17:46:58,649 - INFO -      Train Accuracy: 0.9534
2025-11-11 17:46:58,649 - INFO -      Val Accuracy: 0.9409
2025-11-11 17:46:58,650 - INFO -      Val Loss: 2.7705
2025-11-11 17:46:58,650 - INFO -   📊 Latent Space Regularization:
2025-11-11 17:46:58,650 - INFO -      MMD Loss (LSBO-guided): 0.0201
2025-11-11 17:46:58,650 - INFO -      Wasserstein Loss (Energy): 0.8608
2025-11-11 17:46:58,650 - INFO -   🎯 LSBO Statistics:
2025-11-11 17:46:58,650 - INFO -      High-Quality Regions: 1000
2025-11-11 17:46:58,650 - INFO -      Average Latent Score: 0.8547
2025-11-11 17:46:58,651 - INFO -   ⏱️  Epoch Time: 201.82s
2025-11-11 17:46:58,700 - INFO -   ✅ Saved model weights: lsbo_guided_training_results/checkpoints/best_model_epoch_002_acc_0.9409.h5
2025-11-11 17:46:58,704 - INFO -   ✅ Saved LSBO sampler: lsbo_guided_training_results/checkpoints/best_model_epoch_002_acc_0.9409_lsbo_sampler.pkl
2025-11-11 17:46:58,704 - INFO -   ✅ Saved model config: lsbo_guided_training_results/checkpoints/best_model_epoch_002_acc_0.9409_config.json
2025-11-11 17:46:58,704 - INFO - 
================================================================================
2025-11-11 17:46:58,704 - INFO - Epoch 3/100
2025-11-11 17:46:58,704 - INFO - ================================================================================
2025-11-11 17:50:20,998 - INFO - 
Epoch 3 Summary:
2025-11-11 17:50:20,999 - INFO -   Total Loss: 1.3187
2025-11-11 17:50:20,999 - INFO -   🎯 Task Losses:
2025-11-11 17:50:20,999 - INFO -      Classification Loss: 0.2803
2025-11-11 17:50:20,999 - INFO -      Reconstruction Loss: 2.2682
2025-11-11 17:50:20,999 - INFO -   🎯 Performance:
2025-11-11 17:50:21,000 - INFO -      Train Accuracy: 0.9568
2025-11-11 17:50:21,000 - INFO -      Val Accuracy: 0.9499
2025-11-11 17:50:21,000 - INFO -      Val Loss: 3.0675
2025-11-11 17:50:21,000 - INFO -   📊 Latent Space Regularization:
2025-11-11 17:50:21,001 - INFO -      MMD Loss (LSBO-guided): 0.0123
2025-11-11 17:50:21,001 - INFO -      Wasserstein Loss (Energy): 0.5071
2025-11-11 17:50:21,001 - INFO -   🎯 LSBO Statistics:
2025-11-11 17:50:21,001 - INFO -      High-Quality Regions: 1000
2025-11-11 17:50:21,001 - INFO -      Average Latent Score: 0.8621
2025-11-11 17:50:21,001 - INFO -   ⏱️  Epoch Time: 202.29s
2025-11-11 17:50:21,048 - INFO -   ✅ Saved model weights: lsbo_guided_training_results/checkpoints/best_model_epoch_003_acc_0.9499.h5
2025-11-11 17:50:21,052 - INFO -   ✅ Saved LSBO sampler: lsbo_guided_training_results/checkpoints/best_model_epoch_003_acc_0.9499_lsbo_sampler.pkl
2025-11-11 17:50:21,052 - INFO -   ✅ Saved model config: lsbo_guided_training_results/checkpoints/best_model_epoch_003_acc_0.9499_config.json
2025-11-11 17:50:21,052 - INFO - 
================================================================================
2025-11-11 17:50:21,053 - INFO - Epoch 4/100
2025-11-11 17:50:21,053 - INFO - ================================================================================
