2025-11-11 15:36:21,803 - INFO - Setting up GPU configuration...
2025-11-11 15:36:21,949 - INFO - GPU memory growth: True
2025-11-11 15:36:21,949 - INFO - Using float32
2025-11-11 15:36:21,949 - INFO - GPU configuration complete
2025-11-11 15:36:21,949 - INFO - 🚀 Initializing LSBO-guided components...
2025-11-11 15:36:21,949 - INFO - ✅ LSBO components initialized
2025-11-11 15:36:21,949 - INFO - Setting up data pipeline...
2025-11-11 15:36:21,950 - INFO - Using provided tokenizer
2025-11-11 15:36:21,950 - INFO - Using provided preprocessor
2025-11-11 15:36:21,950 - INFO - Creating training datasets...
2025-11-11 15:36:21,950 - INFO - Training data: /workspace/TWAE_AMP_Generation/data/raw/final_3_36_train.csv
2025-11-11 15:36:21,950 - INFO - Validation data: /workspace/TWAE_AMP_Generation/data/raw/final_3_36_validation.csv
2025-11-11 15:36:21,950 - INFO - Loading dataset from: /workspace/TWAE_AMP_Generation/data/raw/final_3_36_train.csv
2025-11-11 15:36:21,953 - INFO - CSV format validation passed for /workspace/TWAE_AMP_Generation/data/raw/final_3_36_train.csv
2025-11-11 15:36:21,976 - INFO - Loaded 66894 sequences from /workspace/TWAE_AMP_Generation/data/raw/final_3_36_train.csv
2025-11-11 15:36:21,976 - INFO - Validating and cleaning dataset...
2025-11-11 15:36:21,976 - INFO - Starting preprocessing of 66894 sequences...
2025-11-11 15:36:21,977 - INFO - Cleaning sequences...
2025-11-11 15:36:22,017 - INFO - Validating sequences...
2025-11-11 15:36:22,076 - INFO - Removing duplicate sequences...
2025-11-11 15:36:22,081 - INFO - Computing sequence properties...
2025-11-11 15:36:22,341 - INFO - Preprocessing complete. 66891 sequences remaining.
2025-11-11 15:36:22,345 - WARNING - Removed 3 invalid sequences (0.0%)
2025-11-11 15:36:22,346 - INFO - Creating TensorFlow dataset with 66891 sequences
2025-11-11 15:36:22,346 - INFO - Pre-tokenizing all sequences...
2025-11-11 15:36:22,780 - INFO - Creating dataset from pre-tokenized data...
2025-11-11 15:36:22,947 - INFO - Creating batched dataset...
2025-11-11 15:36:23,099 - INFO - Dataset created successfully with batch size 64
2025-11-11 15:36:23,101 - INFO - Loading dataset from: /workspace/TWAE_AMP_Generation/data/raw/final_3_36_validation.csv
2025-11-11 15:36:23,102 - INFO - CSV format validation passed for /workspace/TWAE_AMP_Generation/data/raw/final_3_36_validation.csv
2025-11-11 15:36:23,107 - INFO - Loaded 16711 sequences from /workspace/TWAE_AMP_Generation/data/raw/final_3_36_validation.csv
2025-11-11 15:36:23,107 - INFO - Validating and cleaning dataset...
2025-11-11 15:36:23,107 - INFO - Starting preprocessing of 16711 sequences...
2025-11-11 15:36:23,107 - INFO - Cleaning sequences...
2025-11-11 15:36:23,117 - INFO - Validating sequences...
2025-11-11 15:36:23,132 - INFO - Removing duplicate sequences...
2025-11-11 15:36:23,133 - INFO - Computing sequence properties...
2025-11-11 15:36:23,196 - INFO - Preprocessing complete. 16711 sequences remaining.
2025-11-11 15:36:23,197 - INFO - Creating TensorFlow dataset with 16711 sequences
2025-11-11 15:36:23,197 - INFO - Pre-tokenizing all sequences...
2025-11-11 15:36:23,300 - INFO - Creating dataset from pre-tokenized data...
2025-11-11 15:36:23,303 - INFO - Creating batched dataset...
2025-11-11 15:36:23,320 - INFO - Dataset created successfully with batch size 128
2025-11-11 15:36:23,320 - INFO - Data pipeline setup complete
2025-11-11 15:36:23,320 - INFO - Setting up TWAE-MMD model with LSBO-guided sampling...
2025-11-11 15:36:23,632 - INFO - TWAE-MMD model setup complete
2025-11-11 15:36:23,634 - INFO - Model parameters: ~4,127,137
2025-11-11 15:36:23,634 - INFO - ✅ LSBO-guided sampling enabled in latent manager
2025-11-11 15:36:23,645 - INFO - ✅ LSBO-Guided TWAE-MMD Trainer initialized successfully
2025-11-11 15:36:23,645 - INFO - 🎯 KEY INNOVATION: No random Gaussian sampling!
2025-11-11 15:36:23,645 - INFO - 🎯 All latent samples target high-quality AMP regions
2025-11-11 15:36:23,645 - INFO - ================================================================================
2025-11-11 15:36:23,646 - INFO - 🚀 Starting LSBO-Guided Training
2025-11-11 15:36:23,646 - INFO - ================================================================================
2025-11-11 15:36:23,646 - INFO - ✨ KEY INNOVATION: No random Gaussian sampling!
2025-11-11 15:36:23,646 - INFO -    All latent samples target high-quality AMP regions
2025-11-11 15:36:23,646 - INFO - ================================================================================
2025-11-11 15:36:23,646 - INFO - 
================================================================================
2025-11-11 15:36:23,646 - INFO - Epoch 1/100
2025-11-11 15:36:23,646 - INFO - ================================================================================
2025-11-11 15:42:11,869 - INFO - 
Epoch 1 Summary:
2025-11-11 15:42:11,869 - INFO -   Total Loss: 2.0315
2025-11-11 15:42:11,869 - INFO -   🎯 Task Losses:
2025-11-11 15:42:11,869 - INFO -      Classification Loss: 0.4861
2025-11-11 15:42:11,870 - INFO -      Reconstruction Loss: 2.5754
2025-11-11 15:42:11,870 - INFO -   🎯 Performance:
2025-11-11 15:42:11,870 - INFO -      Train Accuracy: 0.8746
2025-11-11 15:42:11,870 - INFO -      Val Accuracy: 0.8202
2025-11-11 15:42:11,871 - INFO -      Val Loss: 2.4255
2025-11-11 15:42:11,871 - INFO -   📊 Latent Space Regularization:
2025-11-11 15:42:11,871 - INFO -      MMD Loss (LSBO-guided): 0.0503
2025-11-11 15:42:11,871 - INFO -      Wasserstein Loss (Energy): 1.9906
2025-11-11 15:42:11,871 - INFO -   🎯 LSBO Statistics:
2025-11-11 15:42:11,871 - INFO -      High-Quality Regions: 1000
2025-11-11 15:42:11,871 - INFO -      Average Latent Score: 0.8500
2025-11-11 15:42:11,871 - INFO -   ⏱️  Epoch Time: 348.22s
2025-11-11 15:42:11,929 - INFO -   ✅ Saved model weights: lsbo_guided_training_results/checkpoints/best_model_epoch_001_acc_0.8202.h5
2025-11-11 15:42:11,933 - INFO -   ✅ Saved LSBO sampler: lsbo_guided_training_results/checkpoints/best_model_epoch_001_acc_0.8202_lsbo_sampler.pkl
2025-11-11 15:42:11,933 - INFO -   ✅ Saved model config: lsbo_guided_training_results/checkpoints/best_model_epoch_001_acc_0.8202_config.json
2025-11-11 15:42:11,934 - INFO -   📊 Creating visualizations...
2025-11-11 15:42:13,652 - INFO -      ✅ Training dashboard: training_dashboard_epoch_001.png
2025-11-11 15:42:13,652 - INFO -      🗺️  Visualizing latent space...
2025-11-11 15:42:17,327 - INFO -      ✅ Latent space: latent_space_epoch_001.png
2025-11-11 15:42:18,451 - INFO -      ✅ HQ regions: hq_regions_epoch_001.png
2025-11-11 15:42:18,451 - INFO - 
================================================================================
2025-11-11 15:42:18,452 - INFO - Epoch 2/100
2025-11-11 15:42:18,452 - INFO - ================================================================================
2025-11-11 15:48:00,730 - INFO - 
Epoch 2 Summary:
2025-11-11 15:48:00,730 - INFO -   Total Loss: 1.7192
2025-11-11 15:48:00,730 - INFO -   🎯 Task Losses:
2025-11-11 15:48:00,731 - INFO -      Classification Loss: 0.4493
2025-11-11 15:48:00,731 - INFO -      Reconstruction Loss: 2.4788
2025-11-11 15:48:00,731 - INFO -   🎯 Performance:
2025-11-11 15:48:00,731 - INFO -      Train Accuracy: 0.8780
2025-11-11 15:48:00,732 - INFO -      Val Accuracy: 0.8020
2025-11-11 15:48:00,732 - INFO -      Val Loss: 2.4144
2025-11-11 15:48:00,732 - INFO -   📊 Latent Space Regularization:
2025-11-11 15:48:00,733 - INFO -      MMD Loss (LSBO-guided): 0.0221
2025-11-11 15:48:00,733 - INFO -      Wasserstein Loss (Energy): 1.0827
2025-11-11 15:48:00,733 - INFO -   🎯 LSBO Statistics:
2025-11-11 15:48:00,733 - INFO -      High-Quality Regions: 1000
2025-11-11 15:48:00,733 - INFO -      Average Latent Score: 0.8625
2025-11-11 15:48:00,733 - INFO -   ⏱️  Epoch Time: 342.28s
2025-11-11 15:48:00,733 - INFO - 
================================================================================
2025-11-11 15:48:00,733 - INFO - Epoch 3/100
2025-11-11 15:48:00,733 - INFO - ================================================================================
2025-11-11 15:53:42,255 - INFO - 
Epoch 3 Summary:
2025-11-11 15:53:42,256 - INFO -   Total Loss: 1.5899
2025-11-11 15:53:42,256 - INFO -   🎯 Task Losses:
2025-11-11 15:53:42,256 - INFO -      Classification Loss: 0.4157
2025-11-11 15:53:42,256 - INFO -      Reconstruction Loss: 2.4665
2025-11-11 15:53:42,256 - INFO -   🎯 Performance:
2025-11-11 15:53:42,257 - INFO -      Train Accuracy: 0.9006
2025-11-11 15:53:42,257 - INFO -      Val Accuracy: 0.8080
2025-11-11 15:53:42,257 - INFO -      Val Loss: 2.4137
2025-11-11 15:53:42,257 - INFO -   📊 Latent Space Regularization:
2025-11-11 15:53:42,258 - INFO -      MMD Loss (LSBO-guided): 0.0152
2025-11-11 15:53:42,258 - INFO -      Wasserstein Loss (Energy): 0.7293
2025-11-11 15:53:42,258 - INFO -   🎯 LSBO Statistics:
2025-11-11 15:53:42,258 - INFO -      High-Quality Regions: 1000
2025-11-11 15:53:42,258 - INFO -      Average Latent Score: 0.8683
2025-11-11 15:53:42,258 - INFO -   ⏱️  Epoch Time: 341.52s
2025-11-11 15:53:42,258 - INFO - 
================================================================================
2025-11-11 15:53:42,258 - INFO - Epoch 4/100
2025-11-11 15:53:42,258 - INFO - ================================================================================
2025-11-11 15:59:24,227 - INFO - 
Epoch 4 Summary:
2025-11-11 15:59:24,228 - INFO -   Total Loss: 1.5076
2025-11-11 15:59:24,228 - INFO -   🎯 Task Losses:
2025-11-11 15:59:24,228 - INFO -      Classification Loss: 0.3910
2025-11-11 15:59:24,228 - INFO -      Reconstruction Loss: 2.4545
2025-11-11 15:59:24,228 - INFO -   🎯 Performance:
2025-11-11 15:59:24,229 - INFO -      Train Accuracy: 0.9109
2025-11-11 15:59:24,229 - INFO -      Val Accuracy: 0.8076
2025-11-11 15:59:24,229 - INFO -      Val Loss: 2.9863
2025-11-11 15:59:24,229 - INFO -   📊 Latent Space Regularization:
2025-11-11 15:59:24,230 - INFO -      MMD Loss (LSBO-guided): 0.0110
2025-11-11 15:59:24,230 - INFO -      Wasserstein Loss (Energy): 0.5235
2025-11-11 15:59:24,230 - INFO -   🎯 LSBO Statistics:
2025-11-11 15:59:24,230 - INFO -      High-Quality Regions: 1000
2025-11-11 15:59:24,230 - INFO -      Average Latent Score: 0.8720
2025-11-11 15:59:24,230 - INFO -   ⏱️  Epoch Time: 341.97s
2025-11-11 15:59:24,230 - INFO - 
================================================================================
2025-11-11 15:59:24,230 - INFO - Epoch 5/100
2025-11-11 15:59:24,231 - INFO - ================================================================================
2025-11-11 16:05:00,554 - INFO - 
Epoch 5 Summary:
2025-11-11 16:05:00,554 - INFO -   Total Loss: 1.4454
2025-11-11 16:05:00,554 - INFO -   🎯 Task Losses:
2025-11-11 16:05:00,555 - INFO -      Classification Loss: 0.3800
2025-11-11 16:05:00,555 - INFO -      Reconstruction Loss: 2.4444
2025-11-11 16:05:00,555 - INFO -   🎯 Performance:
2025-11-11 16:05:00,555 - INFO -      Train Accuracy: 0.9133
2025-11-11 16:05:00,556 - INFO -      Val Accuracy: 0.7980
2025-11-11 16:05:00,556 - INFO -      Val Loss: 2.8180
2025-11-11 16:05:00,556 - INFO -   📊 Latent Space Regularization:
2025-11-11 16:05:00,556 - INFO -      MMD Loss (LSBO-guided): 0.0078
2025-11-11 16:05:00,557 - INFO -      Wasserstein Loss (Energy): 0.3397
2025-11-11 16:05:00,557 - INFO -   🎯 LSBO Statistics:
2025-11-11 16:05:00,557 - INFO -      High-Quality Regions: 1000
2025-11-11 16:05:00,557 - INFO -      Average Latent Score: 0.8748
2025-11-11 16:05:00,557 - INFO -   ⏱️  Epoch Time: 336.32s
2025-11-11 16:05:00,557 - INFO -   📊 Creating visualizations...
2025-11-11 16:05:02,335 - INFO -      ✅ Training dashboard: training_dashboard_epoch_005.png
2025-11-11 16:05:02,335 - INFO -      🗺️  Visualizing latent space...
2025-11-11 16:05:06,069 - INFO -      ✅ Latent space: latent_space_epoch_005.png
2025-11-11 16:05:07,099 - INFO -      ✅ HQ regions: hq_regions_epoch_005.png
2025-11-11 16:05:07,099 - INFO - 
================================================================================
2025-11-11 16:05:07,099 - INFO - Epoch 6/100
2025-11-11 16:05:07,099 - INFO - ================================================================================
2025-11-11 16:10:37,422 - INFO - 
Epoch 6 Summary:
2025-11-11 16:10:37,422 - INFO -   Total Loss: 1.3940
2025-11-11 16:10:37,422 - INFO -   🎯 Task Losses:
2025-11-11 16:10:37,423 - INFO -      Classification Loss: 0.3680
2025-11-11 16:10:37,423 - INFO -      Reconstruction Loss: 2.4305
2025-11-11 16:10:37,423 - INFO -   🎯 Performance:
2025-11-11 16:10:37,423 - INFO -      Train Accuracy: 0.9174
2025-11-11 16:10:37,423 - INFO -      Val Accuracy: 0.8062
2025-11-11 16:10:37,424 - INFO -      Val Loss: 3.0834
2025-11-11 16:10:37,424 - INFO -   📊 Latent Space Regularization:
2025-11-11 16:10:37,424 - INFO -      MMD Loss (LSBO-guided): 0.0054
2025-11-11 16:10:37,424 - INFO -      Wasserstein Loss (Energy): 0.2079
2025-11-11 16:10:37,424 - INFO -   🎯 LSBO Statistics:
2025-11-11 16:10:37,424 - INFO -      High-Quality Regions: 1000
2025-11-11 16:10:37,424 - INFO -      Average Latent Score: 0.8768
2025-11-11 16:10:37,424 - INFO -   ⏱️  Epoch Time: 330.32s
2025-11-11 16:10:37,425 - INFO - 
================================================================================
2025-11-11 16:10:37,425 - INFO - Epoch 7/100
2025-11-11 16:10:37,425 - INFO - ================================================================================
2025-11-11 16:16:07,816 - INFO - 
Epoch 7 Summary:
2025-11-11 16:16:07,817 - INFO -   Total Loss: 1.3526
2025-11-11 16:16:07,817 - INFO -   🎯 Task Losses:
2025-11-11 16:16:07,817 - INFO -      Classification Loss: 0.3557
2025-11-11 16:16:07,817 - INFO -      Reconstruction Loss: 2.4095
2025-11-11 16:16:07,817 - INFO -   🎯 Performance:
2025-11-11 16:16:07,818 - INFO -      Train Accuracy: 0.9224
2025-11-11 16:16:07,818 - INFO -      Val Accuracy: 0.7784
2025-11-11 16:16:07,818 - INFO -      Val Loss: 2.6942
2025-11-11 16:16:07,818 - INFO -   📊 Latent Space Regularization:
2025-11-11 16:16:07,819 - INFO -      MMD Loss (LSBO-guided): 0.0043
2025-11-11 16:16:07,819 - INFO -      Wasserstein Loss (Energy): 0.1267
2025-11-11 16:16:07,819 - INFO -   🎯 LSBO Statistics:
2025-11-11 16:16:07,819 - INFO -      High-Quality Regions: 1000
2025-11-11 16:16:07,819 - INFO -      Average Latent Score: 0.8786
2025-11-11 16:16:07,819 - INFO -   ⏱️  Epoch Time: 330.39s
2025-11-11 16:16:07,819 - INFO - 
================================================================================
2025-11-11 16:16:07,819 - INFO - Epoch 8/100
2025-11-11 16:16:07,819 - INFO - ================================================================================
2025-11-11 16:21:40,177 - INFO - 
Epoch 8 Summary:
2025-11-11 16:21:40,177 - INFO -   Total Loss: 1.3313
2025-11-11 16:21:40,177 - INFO -   🎯 Task Losses:
2025-11-11 16:21:40,178 - INFO -      Classification Loss: 0.3493
2025-11-11 16:21:40,178 - INFO -      Reconstruction Loss: 2.3921
2025-11-11 16:21:40,178 - INFO -   🎯 Performance:
2025-11-11 16:21:40,178 - INFO -      Train Accuracy: 0.9240
2025-11-11 16:21:40,179 - INFO -      Val Accuracy: 0.8140
2025-11-11 16:21:40,179 - INFO -      Val Loss: 2.8024
2025-11-11 16:21:40,179 - INFO -   📊 Latent Space Regularization:
2025-11-11 16:21:40,179 - INFO -      MMD Loss (LSBO-guided): 0.0040
2025-11-11 16:21:40,180 - INFO -      Wasserstein Loss (Energy): 0.0951
2025-11-11 16:21:40,180 - INFO -   🎯 LSBO Statistics:
2025-11-11 16:21:40,180 - INFO -      High-Quality Regions: 1000
2025-11-11 16:21:40,180 - INFO -      Average Latent Score: 0.8800
2025-11-11 16:21:40,180 - INFO -   ⏱️  Epoch Time: 332.36s
2025-11-11 16:21:40,180 - INFO - 
================================================================================
2025-11-11 16:21:40,180 - INFO - Epoch 9/100
2025-11-11 16:21:40,180 - INFO - ================================================================================
2025-11-11 16:27:13,476 - INFO - 
Epoch 9 Summary:
2025-11-11 16:27:13,476 - INFO -   Total Loss: 1.3202
2025-11-11 16:27:13,476 - INFO -   🎯 Task Losses:
2025-11-11 16:27:13,477 - INFO -      Classification Loss: 0.3465
2025-11-11 16:27:13,477 - INFO -      Reconstruction Loss: 2.3788
2025-11-11 16:27:13,477 - INFO -   🎯 Performance:
2025-11-11 16:27:13,477 - INFO -      Train Accuracy: 0.9254
2025-11-11 16:27:13,478 - INFO -      Val Accuracy: 0.8013
2025-11-11 16:27:13,478 - INFO -      Val Loss: 2.5924
2025-11-11 16:27:13,478 - INFO -   📊 Latent Space Regularization:
2025-11-11 16:27:13,478 - INFO -      MMD Loss (LSBO-guided): 0.0036
2025-11-11 16:27:13,479 - INFO -      Wasserstein Loss (Energy): 0.0834
2025-11-11 16:27:13,479 - INFO -   🎯 LSBO Statistics:
2025-11-11 16:27:13,479 - INFO -      High-Quality Regions: 1000
2025-11-11 16:27:13,479 - INFO -      Average Latent Score: 0.8812
2025-11-11 16:27:13,479 - INFO -   ⏱️  Epoch Time: 333.29s
2025-11-11 16:27:13,479 - INFO - 
================================================================================
2025-11-11 16:27:13,479 - INFO - Epoch 10/100
2025-11-11 16:27:13,479 - INFO - ================================================================================
