2025-11-11 16:41:07,435 - INFO - Setting up GPU configuration...
2025-11-11 16:41:07,537 - INFO - GPU memory growth: True
2025-11-11 16:41:07,537 - INFO - Using float32
2025-11-11 16:41:07,537 - INFO - GPU configuration complete
2025-11-11 16:41:07,537 - INFO - 🚀 Initializing LSBO-guided components...
2025-11-11 16:41:07,537 - INFO - ✅ LSBO components initialized
2025-11-11 16:41:07,537 - INFO - Setting up data pipeline...
2025-11-11 16:41:07,537 - INFO - Using provided tokenizer
2025-11-11 16:41:07,537 - INFO - Using provided preprocessor
2025-11-11 16:41:07,537 - INFO - Creating training datasets...
2025-11-11 16:41:07,537 - INFO - Training data: /workspace/TWAE_AMP_Generation/data/raw/final_3_36_train.csv
2025-11-11 16:41:07,537 - INFO - Validation data: /workspace/TWAE_AMP_Generation/data/raw/final_3_36_validation.csv
2025-11-11 16:41:07,538 - INFO - Loading dataset from: /workspace/TWAE_AMP_Generation/data/raw/final_3_36_train.csv
2025-11-11 16:41:07,541 - INFO - CSV format validation passed for /workspace/TWAE_AMP_Generation/data/raw/final_3_36_train.csv
2025-11-11 16:41:07,564 - INFO - Loaded 66696 sequences from /workspace/TWAE_AMP_Generation/data/raw/final_3_36_train.csv
2025-11-11 16:41:07,564 - INFO - Validating and cleaning dataset...
2025-11-11 16:41:07,564 - INFO - Starting preprocessing of 66696 sequences...
2025-11-11 16:41:07,565 - INFO - Cleaning sequences...
2025-11-11 16:41:07,605 - INFO - Validating sequences...
2025-11-11 16:41:07,661 - INFO - Removing duplicate sequences...
2025-11-11 16:41:07,666 - INFO - Computing sequence properties...
2025-11-11 16:41:07,909 - INFO - Preprocessing complete. 66693 sequences remaining.
2025-11-11 16:41:07,912 - WARNING - Removed 3 invalid sequences (0.0%)
2025-11-11 16:41:07,913 - INFO - Creating TensorFlow dataset with 66693 sequences
2025-11-11 16:41:07,913 - INFO - Pre-tokenizing all sequences...
2025-11-11 16:41:08,348 - INFO - Creating dataset from pre-tokenized data...
2025-11-11 16:41:08,513 - INFO - Creating batched dataset...
2025-11-11 16:41:08,660 - INFO - Dataset created successfully with batch size 64
2025-11-11 16:41:08,662 - INFO - Loading dataset from: /workspace/TWAE_AMP_Generation/data/raw/final_3_36_validation.csv
2025-11-11 16:41:08,663 - INFO - CSV format validation passed for /workspace/TWAE_AMP_Generation/data/raw/final_3_36_validation.csv
2025-11-11 16:41:08,667 - INFO - Loaded 12273 sequences from /workspace/TWAE_AMP_Generation/data/raw/final_3_36_validation.csv
2025-11-11 16:41:08,667 - INFO - Validating and cleaning dataset...
2025-11-11 16:41:08,667 - INFO - Starting preprocessing of 12273 sequences...
2025-11-11 16:41:08,667 - INFO - Cleaning sequences...
2025-11-11 16:41:08,674 - INFO - Validating sequences...
2025-11-11 16:41:08,684 - INFO - Removing duplicate sequences...
2025-11-11 16:41:08,685 - INFO - Computing sequence properties...
2025-11-11 16:41:08,729 - INFO - Preprocessing complete. 12273 sequences remaining.
2025-11-11 16:41:08,730 - INFO - Creating TensorFlow dataset with 12273 sequences
2025-11-11 16:41:08,730 - INFO - Pre-tokenizing all sequences...
2025-11-11 16:41:08,803 - INFO - Creating dataset from pre-tokenized data...
2025-11-11 16:41:08,805 - INFO - Creating batched dataset...
2025-11-11 16:41:08,821 - INFO - Dataset created successfully with batch size 128
2025-11-11 16:41:08,822 - INFO - Data pipeline setup complete
2025-11-11 16:41:08,822 - INFO - Setting up TWAE-MMD model with LSBO-guided sampling...
2025-11-11 16:41:09,119 - INFO - TWAE-MMD model setup complete
2025-11-11 16:41:09,121 - INFO - Model parameters: ~4,127,137
2025-11-11 16:41:09,121 - INFO - ✅ LSBO-guided sampling enabled in latent manager
2025-11-11 16:41:09,131 - INFO - ✅ LSBO-Guided TWAE-MMD Trainer initialized successfully
2025-11-11 16:41:09,132 - INFO - 🎯 KEY INNOVATION: No random Gaussian sampling!
2025-11-11 16:41:09,132 - INFO - 🎯 All latent samples target high-quality AMP regions
2025-11-11 16:41:09,132 - INFO - ================================================================================
2025-11-11 16:41:09,132 - INFO - 🚀 Starting LSBO-Guided Training
2025-11-11 16:41:09,132 - INFO - ================================================================================
2025-11-11 16:41:09,132 - INFO - ✨ KEY INNOVATION: No random Gaussian sampling!
2025-11-11 16:41:09,132 - INFO -    All latent samples target high-quality AMP regions
2025-11-11 16:41:09,132 - INFO - ================================================================================
2025-11-11 16:41:09,132 - INFO - 
================================================================================
2025-11-11 16:41:09,132 - INFO - Epoch 1/100
2025-11-11 16:41:09,132 - INFO - ================================================================================
